mode: set
github.com/trustknots/vcknots/wallet/internal/common/errors.go:24.41,26.2 1 1
github.com/trustknots/vcknots/wallet/internal/common/errors.go:28.41,30.2 1 1
github.com/trustknots/vcknots/wallet/internal/common/errors.go:33.73,39.2 1 1
github.com/trustknots/vcknots/wallet/internal/common/errors.go:42.49,43.16 1 1
github.com/trustknots/vcknots/wallet/internal/common/errors.go:43.16,45.3 1 1
github.com/trustknots/vcknots/wallet/internal/common/errors.go:46.2,46.43 1 1
github.com/trustknots/vcknots/wallet/internal/common/errors.go:50.42,52.2 1 1
github.com/trustknots/vcknots/wallet/internal/common/errors.go:55.36,56.6 1 1
github.com/trustknots/vcknots/wallet/internal/common/errors.go:56.6,57.61 1 1
github.com/trustknots/vcknots/wallet/internal/common/errors.go:57.61,59.25 2 1
github.com/trustknots/vcknots/wallet/internal/common/errors.go:59.25,60.10 1 0
github.com/trustknots/vcknots/wallet/internal/common/errors.go:62.4,62.20 1 1
github.com/trustknots/vcknots/wallet/internal/common/errors.go:63.9,64.9 1 1
github.com/trustknots/vcknots/wallet/internal/common/errors.go:67.2,67.12 1 1
github.com/trustknots/vcknots/wallet/internal/common/uri.go:11.53,13.51 2 1
github.com/trustknots/vcknots/wallet/internal/common/uri.go:13.51,15.3 1 0
github.com/trustknots/vcknots/wallet/internal/common/uri.go:17.2,18.16 2 1
github.com/trustknots/vcknots/wallet/internal/common/uri.go:18.16,20.3 1 1
github.com/trustknots/vcknots/wallet/internal/common/uri.go:22.2,23.12 2 1
github.com/trustknots/vcknots/wallet/internal/common/uri.go:26.49,30.2 3 1
github.com/trustknots/vcknots/wallet/internal/common/uri.go:33.35,36.2 2 1
github.com/trustknots/vcknots/wallet/internal/common/uri.go:38.51,40.16 2 1
github.com/trustknots/vcknots/wallet/internal/common/uri.go:40.16,42.3 1 1
github.com/trustknots/vcknots/wallet/internal/common/uri.go:43.2,44.18 2 1
github.com/trustknots/vcknots/wallet/internal/credstore/dispatcher.go:15.104,19.33 2 1
github.com/trustknots/vcknots/wallet/internal/credstore/dispatcher.go:19.33,20.35 1 1
github.com/trustknots/vcknots/wallet/internal/credstore/dispatcher.go:20.35,22.4 1 1
github.com/trustknots/vcknots/wallet/internal/credstore/dispatcher.go:25.2,25.15 1 1
github.com/trustknots/vcknots/wallet/internal/credstore/dispatcher.go:28.59,29.44 1 1
github.com/trustknots/vcknots/wallet/internal/credstore/dispatcher.go:29.44,31.17 2 1
github.com/trustknots/vcknots/wallet/internal/credstore/dispatcher.go:31.17,33.4 1 0
github.com/trustknots/vcknots/wallet/internal/credstore/dispatcher.go:34.3,35.52 2 1
github.com/trustknots/vcknots/wallet/internal/credstore/dispatcher.go:35.52,37.4 1 0
github.com/trustknots/vcknots/wallet/internal/credstore/dispatcher.go:38.3,39.17 2 1
github.com/trustknots/vcknots/wallet/internal/credstore/dispatcher.go:39.17,41.4 1 0
github.com/trustknots/vcknots/wallet/internal/credstore/dispatcher.go:42.3,42.47 1 1
github.com/trustknots/vcknots/wallet/internal/credstore/dispatcher.go:46.113,47.44 1 1
github.com/trustknots/vcknots/wallet/internal/credstore/dispatcher.go:47.44,49.3 1 1
github.com/trustknots/vcknots/wallet/internal/credstore/dispatcher.go:52.115,53.19 1 1
github.com/trustknots/vcknots/wallet/internal/credstore/dispatcher.go:53.19,55.3 1 1
github.com/trustknots/vcknots/wallet/internal/credstore/dispatcher.go:56.2,57.12 2 1
github.com/trustknots/vcknots/wallet/internal/credstore/dispatcher.go:60.99,62.13 2 1
github.com/trustknots/vcknots/wallet/internal/credstore/dispatcher.go:62.13,64.3 1 1
github.com/trustknots/vcknots/wallet/internal/credstore/dispatcher.go:65.2,65.20 1 1
github.com/trustknots/vcknots/wallet/internal/credstore/dispatcher.go:69.124,70.30 1 1
github.com/trustknots/vcknots/wallet/internal/credstore/dispatcher.go:70.30,72.3 1 1
github.com/trustknots/vcknots/wallet/internal/credstore/dispatcher.go:74.2,75.16 2 1
github.com/trustknots/vcknots/wallet/internal/credstore/dispatcher.go:75.16,77.3 1 1
github.com/trustknots/vcknots/wallet/internal/credstore/dispatcher.go:79.2,79.78 1 1
github.com/trustknots/vcknots/wallet/internal/credstore/dispatcher.go:79.78,81.3 1 1
github.com/trustknots/vcknots/wallet/internal/credstore/dispatcher.go:83.2,83.12 1 1
github.com/trustknots/vcknots/wallet/internal/credstore/dispatcher.go:86.159,88.16 2 1
github.com/trustknots/vcknots/wallet/internal/credstore/dispatcher.go:88.16,90.3 1 0
github.com/trustknots/vcknots/wallet/internal/credstore/dispatcher.go:92.2,93.16 2 1
github.com/trustknots/vcknots/wallet/internal/credstore/dispatcher.go:93.16,95.3 1 1
github.com/trustknots/vcknots/wallet/internal/credstore/dispatcher.go:97.2,97.20 1 1
github.com/trustknots/vcknots/wallet/internal/credstore/dispatcher.go:100.121,101.14 1 1
github.com/trustknots/vcknots/wallet/internal/credstore/dispatcher.go:101.14,103.3 1 1
github.com/trustknots/vcknots/wallet/internal/credstore/dispatcher.go:105.2,106.16 2 1
github.com/trustknots/vcknots/wallet/internal/credstore/dispatcher.go:106.16,108.3 1 1
github.com/trustknots/vcknots/wallet/internal/credstore/dispatcher.go:110.2,111.16 2 1
github.com/trustknots/vcknots/wallet/internal/credstore/dispatcher.go:111.16,113.3 1 0
github.com/trustknots/vcknots/wallet/internal/credstore/dispatcher.go:115.2,115.19 1 1
github.com/trustknots/vcknots/wallet/internal/credstore/types/types.go:37.41,38.16 1 1
github.com/trustknots/vcknots/wallet/internal/credstore/types/types.go:38.16,40.3 1 1
github.com/trustknots/vcknots/wallet/internal/credstore/types/types.go:41.2,41.85 1 1
github.com/trustknots/vcknots/wallet/internal/credstore/types/types.go:44.41,46.2 1 1
github.com/trustknots/vcknots/wallet/internal/credstore/types/types.go:49.100,56.2 1 1
github.com/trustknots/vcknots/wallet/internal/credstore/types/types.go:66.56,68.2 1 1
github.com/trustknots/vcknots/wallet/internal/credstore/types/types.go:70.99,71.45 1 1
github.com/trustknots/vcknots/wallet/internal/credstore/types/types.go:71.45,73.3 1 1
github.com/trustknots/vcknots/wallet/internal/credstore/types/types.go:74.2,74.50 1 1
github.com/trustknots/vcknots/wallet/internal/credstore/types/types.go:74.50,76.3 1 1
github.com/trustknots/vcknots/wallet/internal/credstore/types/types.go:77.2,77.55 1 1
github.com/trustknots/vcknots/wallet/internal/credstore/types/types.go:95.65,99.2 3 1
github.com/trustknots/vcknots/wallet/internal/idprof/plugins/did/did.go:44.32,51.2 3 1
github.com/trustknots/vcknots/wallet/internal/idprof/plugins/did/did.go:54.81,56.2 1 1
github.com/trustknots/vcknots/wallet/internal/idprof/plugins/did/did.go:59.77,61.13 2 1
github.com/trustknots/vcknots/wallet/internal/idprof/plugins/did/did.go:61.13,63.3 1 1
github.com/trustknots/vcknots/wallet/internal/idprof/plugins/did/did.go:64.2,64.20 1 1
github.com/trustknots/vcknots/wallet/internal/idprof/plugins/did/did.go:68.88,71.27 2 1
github.com/trustknots/vcknots/wallet/internal/idprof/plugins/did/did.go:71.27,72.37 1 1
github.com/trustknots/vcknots/wallet/internal/idprof/plugins/did/did.go:72.37,74.4 1 1
github.com/trustknots/vcknots/wallet/internal/idprof/plugins/did/did.go:78.2,79.13 2 1
github.com/trustknots/vcknots/wallet/internal/idprof/plugins/did/did.go:79.13,81.3 1 1
github.com/trustknots/vcknots/wallet/internal/idprof/plugins/did/did.go:83.2,84.9 2 1
github.com/trustknots/vcknots/wallet/internal/idprof/plugins/did/did.go:84.9,86.3 1 1
github.com/trustknots/vcknots/wallet/internal/idprof/plugins/did/did.go:88.2,89.16 2 1
github.com/trustknots/vcknots/wallet/internal/idprof/plugins/did/did.go:89.16,91.3 1 0
github.com/trustknots/vcknots/wallet/internal/idprof/plugins/did/did.go:93.2,93.37 1 1
github.com/trustknots/vcknots/wallet/internal/idprof/plugins/did/did.go:97.72,100.16 2 1
github.com/trustknots/vcknots/wallet/internal/idprof/plugins/did/did.go:100.16,102.3 1 1
github.com/trustknots/vcknots/wallet/internal/idprof/plugins/did/did.go:104.2,105.16 2 1
github.com/trustknots/vcknots/wallet/internal/idprof/plugins/did/did.go:105.16,107.3 1 1
github.com/trustknots/vcknots/wallet/internal/idprof/plugins/did/did.go:109.2,109.33 1 1
github.com/trustknots/vcknots/wallet/internal/idprof/plugins/did/did.go:113.120,114.20 1 1
github.com/trustknots/vcknots/wallet/internal/idprof/plugins/did/did.go:114.20,116.3 1 1
github.com/trustknots/vcknots/wallet/internal/idprof/plugins/did/did.go:119.2,120.16 2 1
github.com/trustknots/vcknots/wallet/internal/idprof/plugins/did/did.go:120.16,122.3 1 1
github.com/trustknots/vcknots/wallet/internal/idprof/plugins/did/did.go:124.2,125.16 2 1
github.com/trustknots/vcknots/wallet/internal/idprof/plugins/did/did.go:125.16,127.3 1 0
github.com/trustknots/vcknots/wallet/internal/idprof/plugins/did/did.go:129.2,129.46 1 1
github.com/trustknots/vcknots/wallet/internal/idprof/plugins/did/did.go:133.68,134.20 1 1
github.com/trustknots/vcknots/wallet/internal/idprof/plugins/did/did.go:134.20,136.3 1 1
github.com/trustknots/vcknots/wallet/internal/idprof/plugins/did/did.go:139.2,140.16 2 1
github.com/trustknots/vcknots/wallet/internal/idprof/plugins/did/did.go:140.16,142.3 1 0
github.com/trustknots/vcknots/wallet/internal/idprof/plugins/did/did.go:144.2,145.16 2 1
github.com/trustknots/vcknots/wallet/internal/idprof/plugins/did/did.go:145.16,147.3 1 1
github.com/trustknots/vcknots/wallet/internal/idprof/plugins/did/did.go:149.2,149.39 1 1
github.com/trustknots/vcknots/wallet/internal/idprof/plugins/did/did.go:153.40,155.2 1 1
github.com/trustknots/vcknots/wallet/internal/idprof/plugins/did/did.go:159.51,160.39 1 1
github.com/trustknots/vcknots/wallet/internal/idprof/plugins/did/did.go:160.39,162.3 1 1
github.com/trustknots/vcknots/wallet/internal/idprof/plugins/did/did.go:164.2,165.20 2 1
github.com/trustknots/vcknots/wallet/internal/idprof/plugins/did/did.go:165.20,167.3 1 1
github.com/trustknots/vcknots/wallet/internal/idprof/plugins/did/did.go:169.2,169.22 1 1
github.com/trustknots/vcknots/wallet/internal/idprof/plugins/did/did.go:173.66,174.31 1 1
github.com/trustknots/vcknots/wallet/internal/idprof/plugins/did/did.go:174.31,176.3 1 1
github.com/trustknots/vcknots/wallet/internal/idprof/plugins/did/did.go:179.2,179.26 1 1
github.com/trustknots/vcknots/wallet/internal/idprof/plugins/did/did.go:180.34,181.24 1 1
github.com/trustknots/vcknots/wallet/internal/idprof/plugins/did/did.go:181.24,183.18 2 1
github.com/trustknots/vcknots/wallet/internal/idprof/plugins/did/did.go:183.18,185.5 1 0
github.com/trustknots/vcknots/wallet/internal/idprof/plugins/did/did.go:186.4,186.41 1 1
github.com/trustknots/vcknots/wallet/internal/idprof/plugins/did/did.go:188.3,188.65 1 1
github.com/trustknots/vcknots/wallet/internal/idprof/plugins/did/did.go:189.31,190.19 1 1
github.com/trustknots/vcknots/wallet/internal/idprof/plugins/did/did.go:191.14,194.95 1 1
github.com/trustknots/vcknots/wallet/internal/idprof/plugins/did/did.go:195.11,196.66 1 1
github.com/trustknots/vcknots/wallet/internal/idprof/plugins/did/did.go:198.10,199.74 1 1
github.com/trustknots/vcknots/wallet/internal/idprof/plugins/did/key.go:19.51,20.48 1 1
github.com/trustknots/vcknots/wallet/internal/idprof/plugins/did/key.go:20.48,23.3 2 1
github.com/trustknots/vcknots/wallet/internal/idprof/plugins/did/key.go:27.61,28.48 1 1
github.com/trustknots/vcknots/wallet/internal/idprof/plugins/did/key.go:28.48,29.17 1 1
github.com/trustknots/vcknots/wallet/internal/idprof/plugins/did/key.go:29.17,31.4 1 0
github.com/trustknots/vcknots/wallet/internal/idprof/plugins/did/key.go:32.3,33.13 2 1
github.com/trustknots/vcknots/wallet/internal/idprof/plugins/did/key.go:38.91,41.27 2 1
github.com/trustknots/vcknots/wallet/internal/idprof/plugins/did/key.go:41.27,42.37 1 1
github.com/trustknots/vcknots/wallet/internal/idprof/plugins/did/key.go:42.37,44.4 1 1
github.com/trustknots/vcknots/wallet/internal/idprof/plugins/did/key.go:48.2,49.13 2 1
github.com/trustknots/vcknots/wallet/internal/idprof/plugins/did/key.go:49.13,51.3 1 1
github.com/trustknots/vcknots/wallet/internal/idprof/plugins/did/key.go:53.2,54.9 2 1
github.com/trustknots/vcknots/wallet/internal/idprof/plugins/did/key.go:54.9,56.3 1 1
github.com/trustknots/vcknots/wallet/internal/idprof/plugins/did/key.go:59.2,65.16 3 1
github.com/trustknots/vcknots/wallet/internal/idprof/plugins/did/key.go:65.16,67.3 1 0
github.com/trustknots/vcknots/wallet/internal/idprof/plugins/did/key.go:70.2,70.55 1 1
github.com/trustknots/vcknots/wallet/internal/idprof/plugins/did/key.go:75.75,76.40 1 1
github.com/trustknots/vcknots/wallet/internal/idprof/plugins/did/key.go:76.40,78.3 1 1
github.com/trustknots/vcknots/wallet/internal/idprof/plugins/did/key.go:81.2,82.23 2 1
github.com/trustknots/vcknots/wallet/internal/idprof/plugins/did/key.go:82.23,84.3 1 1
github.com/trustknots/vcknots/wallet/internal/idprof/plugins/did/key.go:87.2,88.23 2 1
github.com/trustknots/vcknots/wallet/internal/idprof/plugins/did/key.go:88.23,90.3 1 1
github.com/trustknots/vcknots/wallet/internal/idprof/plugins/did/key.go:93.2,94.16 2 1
github.com/trustknots/vcknots/wallet/internal/idprof/plugins/did/key.go:94.16,96.3 1 0
github.com/trustknots/vcknots/wallet/internal/idprof/plugins/did/key.go:98.2,98.26 1 1
github.com/trustknots/vcknots/wallet/internal/idprof/plugins/did/key.go:98.26,100.3 1 1
github.com/trustknots/vcknots/wallet/internal/idprof/plugins/did/key.go:103.2,104.16 2 1
github.com/trustknots/vcknots/wallet/internal/idprof/plugins/did/key.go:104.16,106.3 1 1
github.com/trustknots/vcknots/wallet/internal/idprof/plugins/did/key.go:109.2,122.8 2 1
github.com/trustknots/vcknots/wallet/internal/idprof/plugins/did/key.go:127.123,129.2 1 1
github.com/trustknots/vcknots/wallet/internal/idprof/plugins/did/key.go:132.71,133.20 1 1
github.com/trustknots/vcknots/wallet/internal/idprof/plugins/did/key.go:133.20,135.3 1 1
github.com/trustknots/vcknots/wallet/internal/idprof/plugins/did/key.go:137.2,137.33 1 1
github.com/trustknots/vcknots/wallet/internal/idprof/plugins/did/key.go:137.33,139.3 1 1
github.com/trustknots/vcknots/wallet/internal/idprof/plugins/did/key.go:141.2,141.48 1 1
github.com/trustknots/vcknots/wallet/internal/idprof/plugins/did/key.go:141.48,143.3 1 1
github.com/trustknots/vcknots/wallet/internal/idprof/plugins/did/key.go:145.2,145.56 1 1
github.com/trustknots/vcknots/wallet/internal/idprof/plugins/did/key.go:145.56,147.3 1 1
github.com/trustknots/vcknots/wallet/internal/idprof/plugins/did/key.go:150.2,151.16 2 1
github.com/trustknots/vcknots/wallet/internal/idprof/plugins/did/key.go:151.16,153.3 1 0
github.com/trustknots/vcknots/wallet/internal/idprof/plugins/did/key.go:155.2,155.62 1 1
github.com/trustknots/vcknots/wallet/internal/idprof/plugins/did/key.go:155.62,157.3 1 0
github.com/trustknots/vcknots/wallet/internal/idprof/plugins/did/key.go:160.2,163.51 3 1
github.com/trustknots/vcknots/wallet/internal/idprof/plugins/did/key.go:163.51,165.3 1 0
github.com/trustknots/vcknots/wallet/internal/idprof/plugins/did/key.go:168.2,171.18 3 1
github.com/trustknots/vcknots/wallet/internal/idprof/plugins/did/key.go:171.18,173.3 1 0
github.com/trustknots/vcknots/wallet/internal/idprof/plugins/did/key.go:175.2,175.42 1 1
github.com/trustknots/vcknots/wallet/internal/idprof/plugins/did/key.go:175.42,177.3 1 1
github.com/trustknots/vcknots/wallet/internal/idprof/plugins/did/key.go:179.2,179.12 1 1
github.com/trustknots/vcknots/wallet/internal/idprof/plugins/did/key.go:191.81,192.27 1 1
github.com/trustknots/vcknots/wallet/internal/idprof/plugins/did/key.go:192.27,194.3 1 0
github.com/trustknots/vcknots/wallet/internal/idprof/plugins/did/key.go:196.2,196.31 1 1
github.com/trustknots/vcknots/wallet/internal/idprof/plugins/did/key.go:196.31,198.3 1 0
github.com/trustknots/vcknots/wallet/internal/idprof/plugins/did/key.go:200.2,201.9 2 1
github.com/trustknots/vcknots/wallet/internal/idprof/plugins/did/key.go:201.9,203.3 1 1
github.com/trustknots/vcknots/wallet/internal/idprof/plugins/did/key.go:205.2,206.20 2 1
github.com/trustknots/vcknots/wallet/internal/idprof/plugins/did/key.go:206.20,208.3 1 0
github.com/trustknots/vcknots/wallet/internal/idprof/plugins/did/key.go:210.2,210.9 1 1
github.com/trustknots/vcknots/wallet/internal/idprof/plugins/did/key.go:210.9,212.3 1 0
github.com/trustknots/vcknots/wallet/internal/idprof/plugins/did/key.go:214.2,214.37 1 1
github.com/trustknots/vcknots/wallet/internal/idprof/plugins/did/key.go:214.37,216.3 1 1
github.com/trustknots/vcknots/wallet/internal/idprof/plugins/did/key.go:218.2,225.23 2 1
github.com/trustknots/vcknots/wallet/internal/idprof/plugins/did/key.go:225.23,227.3 1 0
github.com/trustknots/vcknots/wallet/internal/idprof/plugins/did/key.go:229.2,242.15 2 1
github.com/trustknots/vcknots/wallet/internal/idprof/plugins/did/key.go:246.52,248.2 1 1
github.com/trustknots/vcknots/wallet/internal/idprof/plugins/did/key.go:260.66,262.12 2 1
github.com/trustknots/vcknots/wallet/internal/idprof/plugins/did/key.go:262.12,264.3 1 0
github.com/trustknots/vcknots/wallet/internal/idprof/plugins/did/key.go:266.2,266.34 1 1
github.com/trustknots/vcknots/wallet/internal/idprof/plugins/did/key.go:270.72,272.26 2 1
github.com/trustknots/vcknots/wallet/internal/idprof/plugins/did/key.go:272.26,274.3 1 1
github.com/trustknots/vcknots/wallet/internal/idprof/plugins/did/key.go:276.2,280.8 1 1
github.com/trustknots/vcknots/wallet/internal/idprof/plugins/did/key.go:283.57,287.2 3 1
github.com/trustknots/vcknots/wallet/internal/credstore/plugins/local/local.go:25.78,27.16 2 1
github.com/trustknots/vcknots/wallet/internal/credstore/plugins/local/local.go:27.16,29.3 1 1
github.com/trustknots/vcknots/wallet/internal/credstore/plugins/local/local.go:30.2,32.42 2 1
github.com/trustknots/vcknots/wallet/internal/credstore/plugins/local/local.go:32.42,35.3 2 1
github.com/trustknots/vcknots/wallet/internal/credstore/plugins/local/local.go:36.2,36.16 1 1
github.com/trustknots/vcknots/wallet/internal/credstore/plugins/local/local.go:36.16,38.3 1 0
github.com/trustknots/vcknots/wallet/internal/credstore/plugins/local/local.go:40.2,40.49 1 1
github.com/trustknots/vcknots/wallet/internal/credstore/plugins/local/local.go:43.139,44.23 1 1
github.com/trustknots/vcknots/wallet/internal/credstore/plugins/local/local.go:44.23,46.3 1 0
github.com/trustknots/vcknots/wallet/internal/credstore/plugins/local/local.go:47.2,48.16 2 1
github.com/trustknots/vcknots/wallet/internal/credstore/plugins/local/local.go:48.16,50.3 1 0
github.com/trustknots/vcknots/wallet/internal/credstore/plugins/local/local.go:51.2,54.16 3 1
github.com/trustknots/vcknots/wallet/internal/credstore/plugins/local/local.go:54.16,56.3 1 0
github.com/trustknots/vcknots/wallet/internal/credstore/plugins/local/local.go:58.2,58.42 1 1
github.com/trustknots/vcknots/wallet/internal/credstore/plugins/local/local.go:58.42,60.15 2 1
github.com/trustknots/vcknots/wallet/internal/credstore/plugins/local/local.go:60.15,62.4 1 0
github.com/trustknots/vcknots/wallet/internal/credstore/plugins/local/local.go:63.3,64.13 2 1
github.com/trustknots/vcknots/wallet/internal/credstore/plugins/local/local.go:66.2,66.12 1 1
github.com/trustknots/vcknots/wallet/internal/credstore/plugins/local/local.go:69.162,70.23 1 1
github.com/trustknots/vcknots/wallet/internal/credstore/plugins/local/local.go:70.23,72.3 1 0
github.com/trustknots/vcknots/wallet/internal/credstore/plugins/local/local.go:73.2,74.16 2 1
github.com/trustknots/vcknots/wallet/internal/credstore/plugins/local/local.go:74.16,76.3 1 0
github.com/trustknots/vcknots/wallet/internal/credstore/plugins/local/local.go:77.2,80.40 3 1
github.com/trustknots/vcknots/wallet/internal/credstore/plugins/local/local.go:80.40,82.15 2 1
github.com/trustknots/vcknots/wallet/internal/credstore/plugins/local/local.go:82.15,84.4 1 0
github.com/trustknots/vcknots/wallet/internal/credstore/plugins/local/local.go:86.3,92.52 6 1
github.com/trustknots/vcknots/wallet/internal/credstore/plugins/local/local.go:92.52,93.24 1 1
github.com/trustknots/vcknots/wallet/internal/credstore/plugins/local/local.go:93.24,95.13 2 1
github.com/trustknots/vcknots/wallet/internal/credstore/plugins/local/local.go:97.4,97.43 1 1
github.com/trustknots/vcknots/wallet/internal/credstore/plugins/local/local.go:97.43,98.10 1 1
github.com/trustknots/vcknots/wallet/internal/credstore/plugins/local/local.go:101.4,102.18 2 1
github.com/trustknots/vcknots/wallet/internal/credstore/plugins/local/local.go:102.18,104.5 1 0
github.com/trustknots/vcknots/wallet/internal/credstore/plugins/local/local.go:105.4,106.15 2 1
github.com/trustknots/vcknots/wallet/internal/credstore/plugins/local/local.go:108.3,110.13 3 1
github.com/trustknots/vcknots/wallet/internal/credstore/plugins/local/local.go:113.2,113.16 1 1
github.com/trustknots/vcknots/wallet/internal/credstore/plugins/local/local.go:113.16,115.3 1 0
github.com/trustknots/vcknots/wallet/internal/credstore/plugins/local/local.go:116.2,116.21 1 1
github.com/trustknots/vcknots/wallet/internal/credstore/plugins/local/local.go:119.136,120.23 1 1
github.com/trustknots/vcknots/wallet/internal/credstore/plugins/local/local.go:120.23,122.3 1 0
github.com/trustknots/vcknots/wallet/internal/credstore/plugins/local/local.go:123.2,124.16 2 1
github.com/trustknots/vcknots/wallet/internal/credstore/plugins/local/local.go:124.16,126.3 1 0
github.com/trustknots/vcknots/wallet/internal/credstore/plugins/local/local.go:127.2,130.40 3 1
github.com/trustknots/vcknots/wallet/internal/credstore/plugins/local/local.go:130.40,132.15 2 1
github.com/trustknots/vcknots/wallet/internal/credstore/plugins/local/local.go:132.15,134.4 1 0
github.com/trustknots/vcknots/wallet/internal/credstore/plugins/local/local.go:135.3,136.18 2 1
github.com/trustknots/vcknots/wallet/internal/credstore/plugins/local/local.go:136.18,138.4 1 1
github.com/trustknots/vcknots/wallet/internal/credstore/plugins/local/local.go:139.3,140.17 2 1
github.com/trustknots/vcknots/wallet/internal/credstore/plugins/local/local.go:140.17,142.4 1 0
github.com/trustknots/vcknots/wallet/internal/credstore/plugins/local/local.go:143.3,144.13 2 1
github.com/trustknots/vcknots/wallet/internal/credstore/plugins/local/local.go:146.2,146.16 1 1
github.com/trustknots/vcknots/wallet/internal/credstore/plugins/local/local.go:146.16,148.3 1 1
github.com/trustknots/vcknots/wallet/internal/credstore/plugins/local/local.go:149.2,149.20 1 1
github.com/trustknots/vcknots/wallet/internal/idprof/idprof.go:27.122,33.33 2 1
github.com/trustknots/vcknots/wallet/internal/idprof/idprof.go:33.33,34.35 1 1
github.com/trustknots/vcknots/wallet/internal/idprof/idprof.go:34.35,36.4 1 0
github.com/trustknots/vcknots/wallet/internal/idprof/idprof.go:39.2,39.15 1 1
github.com/trustknots/vcknots/wallet/internal/idprof/idprof.go:43.77,44.50 1 1
github.com/trustknots/vcknots/wallet/internal/idprof/idprof.go:44.50,45.19 1 1
github.com/trustknots/vcknots/wallet/internal/idprof/idprof.go:45.19,47.4 1 0
github.com/trustknots/vcknots/wallet/internal/idprof/idprof.go:48.3,49.13 2 1
github.com/trustknots/vcknots/wallet/internal/idprof/idprof.go:54.59,55.20 1 1
github.com/trustknots/vcknots/wallet/internal/idprof/idprof.go:55.20,57.3 1 1
github.com/trustknots/vcknots/wallet/internal/idprof/idprof.go:58.2,58.11 1 1
github.com/trustknots/vcknots/wallet/internal/idprof/idprof.go:62.98,63.19 1 1
github.com/trustknots/vcknots/wallet/internal/idprof/idprof.go:63.19,65.3 1 0
github.com/trustknots/vcknots/wallet/internal/idprof/idprof.go:66.2,66.18 1 1
github.com/trustknots/vcknots/wallet/internal/idprof/idprof.go:66.18,68.3 1 0
github.com/trustknots/vcknots/wallet/internal/idprof/idprof.go:69.2,72.12 4 1
github.com/trustknots/vcknots/wallet/internal/idprof/idprof.go:76.88,81.13 4 1
github.com/trustknots/vcknots/wallet/internal/idprof/idprof.go:81.13,83.3 1 1
github.com/trustknots/vcknots/wallet/internal/idprof/idprof.go:84.2,84.20 1 1
github.com/trustknots/vcknots/wallet/internal/idprof/idprof.go:88.113,89.18 1 1
github.com/trustknots/vcknots/wallet/internal/idprof/idprof.go:89.18,91.3 1 0
github.com/trustknots/vcknots/wallet/internal/idprof/idprof.go:93.2,94.16 2 1
github.com/trustknots/vcknots/wallet/internal/idprof/idprof.go:94.16,96.3 1 1
github.com/trustknots/vcknots/wallet/internal/idprof/idprof.go:98.2,99.16 2 1
github.com/trustknots/vcknots/wallet/internal/idprof/idprof.go:99.16,101.3 1 0
github.com/trustknots/vcknots/wallet/internal/idprof/idprof.go:103.2,103.21 1 1
github.com/trustknots/vcknots/wallet/internal/idprof/idprof.go:107.97,108.18 1 1
github.com/trustknots/vcknots/wallet/internal/idprof/idprof.go:108.18,110.3 1 1
github.com/trustknots/vcknots/wallet/internal/idprof/idprof.go:111.2,111.14 1 1
github.com/trustknots/vcknots/wallet/internal/idprof/idprof.go:111.14,113.3 1 1
github.com/trustknots/vcknots/wallet/internal/idprof/idprof.go:115.2,116.16 2 1
github.com/trustknots/vcknots/wallet/internal/idprof/idprof.go:116.16,118.3 1 1
github.com/trustknots/vcknots/wallet/internal/idprof/idprof.go:120.2,121.16 2 1
github.com/trustknots/vcknots/wallet/internal/idprof/idprof.go:121.16,123.3 1 0
github.com/trustknots/vcknots/wallet/internal/idprof/idprof.go:125.2,125.21 1 1
github.com/trustknots/vcknots/wallet/internal/idprof/idprof.go:129.124,130.20 1 1
github.com/trustknots/vcknots/wallet/internal/idprof/idprof.go:130.20,132.3 1 1
github.com/trustknots/vcknots/wallet/internal/idprof/idprof.go:134.2,135.16 2 1
github.com/trustknots/vcknots/wallet/internal/idprof/idprof.go:135.16,137.3 1 1
github.com/trustknots/vcknots/wallet/internal/idprof/idprof.go:138.2,138.40 1 1
github.com/trustknots/vcknots/wallet/internal/idprof/idprof.go:142.78,143.20 1 1
github.com/trustknots/vcknots/wallet/internal/idprof/idprof.go:143.20,145.3 1 1
github.com/trustknots/vcknots/wallet/internal/idprof/idprof.go:147.2,148.16 2 1
github.com/trustknots/vcknots/wallet/internal/idprof/idprof.go:148.16,150.3 1 1
github.com/trustknots/vcknots/wallet/internal/idprof/idprof.go:151.2,151.33 1 1
github.com/trustknots/vcknots/wallet/internal/idprof/idprof.go:155.81,156.20 1 1
github.com/trustknots/vcknots/wallet/internal/idprof/idprof.go:156.20,158.3 1 1
github.com/trustknots/vcknots/wallet/internal/idprof/idprof.go:159.2,159.30 1 1
github.com/trustknots/vcknots/wallet/internal/idprof/idprof.go:163.85,164.20 1 1
github.com/trustknots/vcknots/wallet/internal/idprof/idprof.go:164.20,166.3 1 1
github.com/trustknots/vcknots/wallet/internal/idprof/idprof.go:167.2,167.24 1 1
github.com/trustknots/vcknots/wallet/internal/idprof/idprof.go:171.68,172.20 1 1
github.com/trustknots/vcknots/wallet/internal/idprof/idprof.go:172.20,174.3 1 1
github.com/trustknots/vcknots/wallet/internal/idprof/idprof.go:175.2,175.27 1 1
github.com/trustknots/vcknots/wallet/internal/idprof/idprof.go:179.80,180.20 1 1
github.com/trustknots/vcknots/wallet/internal/idprof/idprof.go:180.20,182.3 1 1
github.com/trustknots/vcknots/wallet/internal/idprof/idprof.go:183.2,183.23 1 1
github.com/trustknots/vcknots/wallet/internal/idprof/idprof.go:187.66,192.32 4 1
github.com/trustknots/vcknots/wallet/internal/idprof/idprof.go:192.32,194.3 1 1
github.com/trustknots/vcknots/wallet/internal/idprof/idprof.go:195.2,195.14 1 1
github.com/trustknots/vcknots/wallet/internal/idprof/idprof.go:199.65,200.50 1 1
github.com/trustknots/vcknots/wallet/internal/idprof/idprof.go:200.50,203.60 2 1
github.com/trustknots/vcknots/wallet/internal/idprof/idprof.go:203.60,205.4 1 0
github.com/trustknots/vcknots/wallet/internal/idprof/idprof.go:208.3,209.62 2 1
github.com/trustknots/vcknots/wallet/internal/idprof/idprof.go:209.62,211.4 1 0
github.com/trustknots/vcknots/wallet/internal/idprof/idprof.go:213.3,213.13 1 1
github.com/trustknots/vcknots/wallet/internal/presenter/types/types.go:33.41,34.22 1 0
github.com/trustknots/vcknots/wallet/internal/presenter/types/types.go:34.22,36.3 1 0
github.com/trustknots/vcknots/wallet/internal/presenter/types/types.go:37.2,37.78 1 0
github.com/trustknots/vcknots/wallet/internal/presenter/types/types.go:40.41,42.2 1 0
github.com/trustknots/vcknots/wallet/internal/presenter/types/types.go:45.112,52.2 1 0
github.com/trustknots/vcknots/wallet/internal/idprof/plugins/jwks/jwks.go:40.34,46.2 1 1
github.com/trustknots/vcknots/wallet/internal/idprof/plugins/jwks/jwks.go:49.72,50.19 1 1
github.com/trustknots/vcknots/wallet/internal/idprof/plugins/jwks/jwks.go:50.19,52.3 1 1
github.com/trustknots/vcknots/wallet/internal/idprof/plugins/jwks/jwks.go:53.2,55.8 1 1
github.com/trustknots/vcknots/wallet/internal/idprof/plugins/jwks/jwks.go:59.89,62.2 1 1
github.com/trustknots/vcknots/wallet/internal/idprof/plugins/jwks/jwks.go:65.73,67.41 1 1
github.com/trustknots/vcknots/wallet/internal/idprof/plugins/jwks/jwks.go:67.41,69.3 1 0
github.com/trustknots/vcknots/wallet/internal/idprof/plugins/jwks/jwks.go:71.2,72.16 2 1
github.com/trustknots/vcknots/wallet/internal/idprof/plugins/jwks/jwks.go:72.16,74.3 1 1
github.com/trustknots/vcknots/wallet/internal/idprof/plugins/jwks/jwks.go:76.2,80.8 1 1
github.com/trustknots/vcknots/wallet/internal/idprof/plugins/jwks/jwks.go:84.121,87.2 1 1
github.com/trustknots/vcknots/wallet/internal/idprof/plugins/jwks/jwks.go:90.69,91.20 1 1
github.com/trustknots/vcknots/wallet/internal/idprof/plugins/jwks/jwks.go:91.20,93.3 1 1
github.com/trustknots/vcknots/wallet/internal/idprof/plugins/jwks/jwks.go:95.2,95.39 1 1
github.com/trustknots/vcknots/wallet/internal/idprof/plugins/jwks/jwks.go:95.39,97.3 1 1
github.com/trustknots/vcknots/wallet/internal/idprof/plugins/jwks/jwks.go:99.2,99.56 1 1
github.com/trustknots/vcknots/wallet/internal/idprof/plugins/jwks/jwks.go:99.56,101.3 1 1
github.com/trustknots/vcknots/wallet/internal/idprof/plugins/jwks/jwks.go:104.2,104.40 1 1
github.com/trustknots/vcknots/wallet/internal/idprof/plugins/jwks/jwks.go:104.40,105.19 1 1
github.com/trustknots/vcknots/wallet/internal/idprof/plugins/jwks/jwks.go:105.19,107.4 1 1
github.com/trustknots/vcknots/wallet/internal/idprof/plugins/jwks/jwks.go:110.2,110.12 1 1
github.com/trustknots/vcknots/wallet/internal/idprof/plugins/jwks/jwks.go:114.41,116.2 1 1
github.com/trustknots/vcknots/wallet/internal/idprof/plugins/jwks/jwks.go:119.77,120.25 1 1
github.com/trustknots/vcknots/wallet/internal/idprof/plugins/jwks/jwks.go:120.25,122.3 1 1
github.com/trustknots/vcknots/wallet/internal/idprof/plugins/jwks/jwks.go:123.2,124.16 2 1
github.com/trustknots/vcknots/wallet/internal/idprof/plugins/jwks/jwks.go:124.16,126.3 1 1
github.com/trustknots/vcknots/wallet/internal/idprof/plugins/jwks/jwks.go:127.2,129.38 2 1
github.com/trustknots/vcknots/wallet/internal/idprof/plugins/jwks/jwks.go:129.38,131.3 1 1
github.com/trustknots/vcknots/wallet/internal/idprof/plugins/jwks/jwks.go:133.2,134.16 2 1
github.com/trustknots/vcknots/wallet/internal/idprof/plugins/jwks/jwks.go:134.16,136.3 1 0
github.com/trustknots/vcknots/wallet/internal/idprof/plugins/jwks/jwks.go:138.2,139.52 2 1
github.com/trustknots/vcknots/wallet/internal/idprof/plugins/jwks/jwks.go:139.52,141.3 1 1
github.com/trustknots/vcknots/wallet/internal/idprof/plugins/jwks/jwks.go:143.2,143.19 1 1
github.com/trustknots/vcknots/wallet/internal/idprof/store/local/local.go:18.52,22.2 1 1
github.com/trustknots/vcknots/wallet/internal/idprof/store/local/local.go:24.74,25.20 1 1
github.com/trustknots/vcknots/wallet/internal/idprof/store/local/local.go:25.20,27.3 1 1
github.com/trustknots/vcknots/wallet/internal/idprof/store/local/local.go:28.2,28.22 1 1
github.com/trustknots/vcknots/wallet/internal/idprof/store/local/local.go:28.22,30.3 1 1
github.com/trustknots/vcknots/wallet/internal/idprof/store/local/local.go:32.2,36.12 4 1
github.com/trustknots/vcknots/wallet/internal/idprof/store/local/local.go:39.78,40.14 1 1
github.com/trustknots/vcknots/wallet/internal/idprof/store/local/local.go:40.14,42.3 1 1
github.com/trustknots/vcknots/wallet/internal/idprof/store/local/local.go:44.2,48.13 4 1
github.com/trustknots/vcknots/wallet/internal/idprof/store/local/local.go:48.13,50.3 1 1
github.com/trustknots/vcknots/wallet/internal/idprof/store/local/local.go:51.2,51.21 1 1
github.com/trustknots/vcknots/wallet/internal/idprof/store/local/local.go:54.55,55.14 1 1
github.com/trustknots/vcknots/wallet/internal/idprof/store/local/local.go:55.14,57.3 1 1
github.com/trustknots/vcknots/wallet/internal/idprof/store/local/local.go:59.2,62.42 3 1
github.com/trustknots/vcknots/wallet/internal/idprof/store/local/local.go:62.42,64.3 1 1
github.com/trustknots/vcknots/wallet/internal/idprof/store/local/local.go:66.2,67.12 2 1
github.com/trustknots/vcknots/wallet/internal/idprof/store/local/local.go:70.72,75.37 4 1
github.com/trustknots/vcknots/wallet/internal/idprof/store/local/local.go:75.37,77.3 1 1
github.com/trustknots/vcknots/wallet/internal/idprof/store/local/local.go:79.2,79.22 1 1
github.com/trustknots/vcknots/wallet/internal/idprof/store/local/local.go:83.47,85.2 1 0
github.com/trustknots/vcknots/wallet/internal/receiver/types/types.go:37.40,38.22 1 0
github.com/trustknots/vcknots/wallet/internal/receiver/types/types.go:38.22,40.3 1 0
github.com/trustknots/vcknots/wallet/internal/receiver/types/types.go:41.2,41.77 1 0
github.com/trustknots/vcknots/wallet/internal/receiver/types/types.go:44.40,46.2 1 0
github.com/trustknots/vcknots/wallet/internal/receiver/types/types.go:49.104,56.2 1 0
github.com/trustknots/vcknots/wallet/internal/idprof/store/bbolt/bbolt.go:27.56,29.2 1 1
github.com/trustknots/vcknots/wallet/internal/idprof/store/bbolt/bbolt.go:32.78,35.16 2 1
github.com/trustknots/vcknots/wallet/internal/idprof/store/bbolt/bbolt.go:35.17,38.3 0 1
github.com/trustknots/vcknots/wallet/internal/idprof/store/bbolt/bbolt.go:41.2,42.16 2 1
github.com/trustknots/vcknots/wallet/internal/idprof/store/bbolt/bbolt.go:42.16,44.3 1 0
github.com/trustknots/vcknots/wallet/internal/idprof/store/bbolt/bbolt.go:46.2,53.16 3 1
github.com/trustknots/vcknots/wallet/internal/idprof/store/bbolt/bbolt.go:53.16,56.3 2 0
github.com/trustknots/vcknots/wallet/internal/idprof/store/bbolt/bbolt.go:58.2,58.19 1 1
github.com/trustknots/vcknots/wallet/internal/idprof/store/bbolt/bbolt.go:62.41,63.46 1 1
github.com/trustknots/vcknots/wallet/internal/idprof/store/bbolt/bbolt.go:63.46,66.3 2 1
github.com/trustknots/vcknots/wallet/internal/idprof/store/bbolt/bbolt.go:70.38,72.2 1 1
github.com/trustknots/vcknots/wallet/internal/idprof/store/bbolt/bbolt.go:75.65,76.20 1 1
github.com/trustknots/vcknots/wallet/internal/idprof/store/bbolt/bbolt.go:76.20,78.3 1 1
github.com/trustknots/vcknots/wallet/internal/idprof/store/bbolt/bbolt.go:79.2,79.22 1 1
github.com/trustknots/vcknots/wallet/internal/idprof/store/bbolt/bbolt.go:79.22,81.3 1 1
github.com/trustknots/vcknots/wallet/internal/idprof/store/bbolt/bbolt.go:83.2,84.16 2 1
github.com/trustknots/vcknots/wallet/internal/idprof/store/bbolt/bbolt.go:84.16,86.3 1 0
github.com/trustknots/vcknots/wallet/internal/idprof/store/bbolt/bbolt.go:88.2,88.46 1 1
github.com/trustknots/vcknots/wallet/internal/idprof/store/bbolt/bbolt.go:88.46,90.20 2 1
github.com/trustknots/vcknots/wallet/internal/idprof/store/bbolt/bbolt.go:90.20,92.4 1 0
github.com/trustknots/vcknots/wallet/internal/idprof/store/bbolt/bbolt.go:93.3,93.46 1 1
github.com/trustknots/vcknots/wallet/internal/idprof/store/bbolt/bbolt.go:98.69,99.14 1 1
github.com/trustknots/vcknots/wallet/internal/idprof/store/bbolt/bbolt.go:99.14,101.3 1 1
github.com/trustknots/vcknots/wallet/internal/idprof/store/bbolt/bbolt.go:103.2,104.44 2 1
github.com/trustknots/vcknots/wallet/internal/idprof/store/bbolt/bbolt.go:104.44,106.20 2 1
github.com/trustknots/vcknots/wallet/internal/idprof/store/bbolt/bbolt.go:106.20,108.4 1 0
github.com/trustknots/vcknots/wallet/internal/idprof/store/bbolt/bbolt.go:110.3,111.18 2 1
github.com/trustknots/vcknots/wallet/internal/idprof/store/bbolt/bbolt.go:111.18,113.4 1 1
github.com/trustknots/vcknots/wallet/internal/idprof/store/bbolt/bbolt.go:115.3,116.39 2 1
github.com/trustknots/vcknots/wallet/internal/idprof/store/bbolt/bbolt.go:119.2,119.16 1 1
github.com/trustknots/vcknots/wallet/internal/idprof/store/bbolt/bbolt.go:119.16,121.3 1 1
github.com/trustknots/vcknots/wallet/internal/idprof/store/bbolt/bbolt.go:122.2,122.21 1 1
github.com/trustknots/vcknots/wallet/internal/idprof/store/bbolt/bbolt.go:126.46,127.14 1 1
github.com/trustknots/vcknots/wallet/internal/idprof/store/bbolt/bbolt.go:127.14,129.3 1 1
github.com/trustknots/vcknots/wallet/internal/idprof/store/bbolt/bbolt.go:131.2,131.46 1 1
github.com/trustknots/vcknots/wallet/internal/idprof/store/bbolt/bbolt.go:131.46,133.20 2 1
github.com/trustknots/vcknots/wallet/internal/idprof/store/bbolt/bbolt.go:133.20,135.4 1 0
github.com/trustknots/vcknots/wallet/internal/idprof/store/bbolt/bbolt.go:138.3,138.36 1 1
github.com/trustknots/vcknots/wallet/internal/idprof/store/bbolt/bbolt.go:138.36,140.4 1 1
github.com/trustknots/vcknots/wallet/internal/idprof/store/bbolt/bbolt.go:142.3,142.35 1 1
github.com/trustknots/vcknots/wallet/internal/idprof/store/bbolt/bbolt.go:147.63,150.44 2 1
github.com/trustknots/vcknots/wallet/internal/idprof/store/bbolt/bbolt.go:150.44,152.20 2 1
github.com/trustknots/vcknots/wallet/internal/idprof/store/bbolt/bbolt.go:152.20,154.4 1 0
github.com/trustknots/vcknots/wallet/internal/idprof/store/bbolt/bbolt.go:156.3,156.49 1 1
github.com/trustknots/vcknots/wallet/internal/idprof/store/bbolt/bbolt.go:156.49,158.54 2 1
github.com/trustknots/vcknots/wallet/internal/idprof/store/bbolt/bbolt.go:158.54,160.5 1 0
github.com/trustknots/vcknots/wallet/internal/idprof/store/bbolt/bbolt.go:161.4,162.14 2 1
github.com/trustknots/vcknots/wallet/internal/idprof/store/bbolt/bbolt.go:166.2,166.16 1 1
github.com/trustknots/vcknots/wallet/internal/idprof/store/bbolt/bbolt.go:166.16,168.3 1 0
github.com/trustknots/vcknots/wallet/internal/idprof/store/bbolt/bbolt.go:169.2,169.22 1 1
github.com/trustknots/vcknots/wallet/internal/idprof/store/bbolt/bbolt.go:173.36,174.17 1 1
github.com/trustknots/vcknots/wallet/internal/idprof/store/bbolt/bbolt.go:174.17,176.3 1 1
github.com/trustknots/vcknots/wallet/internal/idprof/store/bbolt/bbolt.go:177.2,177.12 1 0
github.com/trustknots/vcknots/wallet/internal/idprof/types/types.go:34.47,35.16 1 1
github.com/trustknots/vcknots/wallet/internal/idprof/types/types.go:35.16,37.3 1 1
github.com/trustknots/vcknots/wallet/internal/idprof/types/types.go:38.2,38.88 1 1
github.com/trustknots/vcknots/wallet/internal/idprof/types/types.go:41.47,43.2 1 0
github.com/trustknots/vcknots/wallet/internal/idprof/types/types.go:46.86,53.2 1 0
github.com/trustknots/vcknots/wallet/internal/idprof/types/types.go:92.38,96.2 1 1
github.com/trustknots/vcknots/wallet/internal/idprof/types/types.go:99.38,103.2 1 1
github.com/trustknots/vcknots/wallet/internal/idprof/types/types.go:106.59,108.2 1 1
github.com/trustknots/vcknots/wallet/internal/idprof/types/types.go:111.60,114.2 2 1
github.com/trustknots/vcknots/wallet/internal/idprof/types/types.go:117.45,120.2 2 1
github.com/trustknots/vcknots/wallet/internal/idprof/types/types.go:123.59,125.2 1 1
github.com/trustknots/vcknots/wallet/internal/idprof/types/types.go:128.60,131.2 2 1
github.com/trustknots/vcknots/wallet/internal/idprof/types/types.go:134.45,137.2 2 1
github.com/trustknots/vcknots/wallet/internal/keystore/types.go:37.40,38.19 1 1
github.com/trustknots/vcknots/wallet/internal/keystore/types.go:38.19,40.3 1 1
github.com/trustknots/vcknots/wallet/internal/keystore/types.go:41.2,41.23 1 0
github.com/trustknots/vcknots/wallet/internal/keystore/types.go:41.23,43.3 1 0
github.com/trustknots/vcknots/wallet/internal/keystore/types.go:44.2,44.62 1 0
github.com/trustknots/vcknots/wallet/internal/keystore/types.go:47.40,49.2 1 1
github.com/trustknots/vcknots/wallet/internal/keystore/types.go:52.96,59.2 1 1
github.com/trustknots/vcknots/wallet/internal/testutil/mockserver/crypto.go:21.54,23.16 2 0
github.com/trustknots/vcknots/wallet/internal/testutil/mockserver/crypto.go:23.16,25.3 1 0
github.com/trustknots/vcknots/wallet/internal/testutil/mockserver/crypto.go:27.2,31.8 1 0
github.com/trustknots/vcknots/wallet/internal/testutil/mockserver/crypto.go:35.49,37.16 2 0
github.com/trustknots/vcknots/wallet/internal/testutil/mockserver/crypto.go:37.16,38.13 1 0
github.com/trustknots/vcknots/wallet/internal/testutil/mockserver/crypto.go:40.2,40.11 1 0
github.com/trustknots/vcknots/wallet/internal/testutil/mockserver/crypto.go:44.48,50.2 1 0
github.com/trustknots/vcknots/wallet/internal/testutil/mockserver/crypto.go:53.54,59.2 1 0
github.com/trustknots/vcknots/wallet/internal/testutil/mockserver/crypto.go:62.56,67.2 2 0
github.com/trustknots/vcknots/wallet/internal/testutil/mockserver/crypto.go:76.59,80.16 3 0
github.com/trustknots/vcknots/wallet/internal/testutil/mockserver/crypto.go:80.16,82.3 1 0
github.com/trustknots/vcknots/wallet/internal/testutil/mockserver/crypto.go:84.2,87.8 1 0
github.com/trustknots/vcknots/wallet/internal/testutil/mockserver/crypto.go:91.54,93.16 2 0
github.com/trustknots/vcknots/wallet/internal/testutil/mockserver/crypto.go:93.16,94.13 1 0
github.com/trustknots/vcknots/wallet/internal/testutil/mockserver/crypto.go:96.2,96.16 1 0
github.com/trustknots/vcknots/wallet/internal/testutil/mockserver/crypto.go:100.101,109.27 3 0
github.com/trustknots/vcknots/wallet/internal/testutil/mockserver/crypto.go:109.27,111.3 1 0
github.com/trustknots/vcknots/wallet/internal/testutil/mockserver/crypto.go:113.2,114.19 2 0
github.com/trustknots/vcknots/wallet/internal/testutil/mockserver/crypto.go:118.137,126.27 3 0
github.com/trustknots/vcknots/wallet/internal/testutil/mockserver/crypto.go:126.27,128.3 1 0
github.com/trustknots/vcknots/wallet/internal/testutil/mockserver/crypto.go:130.2,131.19 2 0
github.com/trustknots/vcknots/wallet/internal/testutil/mockserver/jwks.go:17.38,22.2 1 0
github.com/trustknots/vcknots/wallet/internal/testutil/mockserver/jwks.go:31.52,32.19 1 0
github.com/trustknots/vcknots/wallet/internal/testutil/mockserver/jwks.go:32.19,34.3 1 0
github.com/trustknots/vcknots/wallet/internal/testutil/mockserver/jwks.go:36.2,44.11 4 0
github.com/trustknots/vcknots/wallet/internal/testutil/mockserver/jwks.go:48.37,57.2 3 0
github.com/trustknots/vcknots/wallet/internal/testutil/mockserver/jwks.go:60.74,62.72 1 0
github.com/trustknots/vcknots/wallet/internal/testutil/mockserver/jwks.go:62.72,65.3 2 0
github.com/trustknots/vcknots/wallet/internal/testutil/mockserver/jwks.go:67.2,68.38 2 0
github.com/trustknots/vcknots/wallet/internal/testutil/mockserver/jwks.go:72.76,74.2 1 0
github.com/trustknots/vcknots/wallet/internal/testutil/mockserver/jwks.go:77.61,78.33 1 0
github.com/trustknots/vcknots/wallet/internal/testutil/mockserver/jwks.go:78.33,82.3 1 0
github.com/trustknots/vcknots/wallet/internal/testutil/mockserver/jwks.go:84.2,85.45 2 0
github.com/trustknots/vcknots/wallet/internal/testutil/mockserver/jwks.go:85.45,87.3 1 0
github.com/trustknots/vcknots/wallet/internal/testutil/mockserver/jwks.go:89.2,91.3 1 0
github.com/trustknots/vcknots/wallet/internal/testutil/mockserver/jwks.go:95.52,97.2 1 0
github.com/trustknots/vcknots/wallet/internal/testutil/mockserver/jwks.go:100.69,102.2 1 0
github.com/trustknots/vcknots/wallet/internal/testutil/mockserver/jwks.go:105.55,107.2 1 0
github.com/trustknots/vcknots/wallet/internal/testutil/mockserver/jwks.go:110.63,112.2 1 0
github.com/trustknots/vcknots/wallet/internal/testutil/mockserver/jwks.go:115.36,117.2 1 0
github.com/trustknots/vcknots/wallet/internal/testutil/mockserver/jwks.go:120.45,122.2 1 0
github.com/trustknots/vcknots/wallet/internal/testutil/mockserver/jwks.go:125.37,127.2 1 0
github.com/trustknots/vcknots/wallet/internal/testutil/mockserver/jwks.go:130.31,132.2 1 0
github.com/trustknots/vcknots/wallet/internal/testutil/mockserver/jwks.go:135.48,137.2 1 0
github.com/trustknots/vcknots/wallet/internal/testutil/mockserver/oid4vci.go:18.56,39.2 1 0
github.com/trustknots/vcknots/wallet/internal/testutil/mockserver/oid4vci.go:49.79,50.19 1 0
github.com/trustknots/vcknots/wallet/internal/testutil/mockserver/oid4vci.go:50.19,52.3 1 0
github.com/trustknots/vcknots/wallet/internal/testutil/mockserver/oid4vci.go:54.2,64.11 5 0
github.com/trustknots/vcknots/wallet/internal/testutil/mockserver/oid4vci.go:68.46,80.2 4 0
github.com/trustknots/vcknots/wallet/internal/testutil/mockserver/oid4vci.go:83.103,94.2 3 0
github.com/trustknots/vcknots/wallet/internal/testutil/mockserver/oid4vci.go:97.97,108.2 3 0
github.com/trustknots/vcknots/wallet/internal/testutil/mockserver/oid4vci.go:111.84,112.24 1 0
github.com/trustknots/vcknots/wallet/internal/testutil/mockserver/oid4vci.go:112.24,115.3 2 0
github.com/trustknots/vcknots/wallet/internal/testutil/mockserver/oid4vci.go:117.2,117.57 1 0
github.com/trustknots/vcknots/wallet/internal/testutil/mockserver/oid4vci.go:121.89,122.24 1 0
github.com/trustknots/vcknots/wallet/internal/testutil/mockserver/oid4vci.go:122.24,125.3 2 0
github.com/trustknots/vcknots/wallet/internal/testutil/mockserver/oid4vci.go:129.2,135.42 3 0
github.com/trustknots/vcknots/wallet/internal/testutil/mockserver/oid4vci.go:139.125,155.29 3 0
github.com/trustknots/vcknots/wallet/internal/testutil/mockserver/oid4vci.go:155.29,156.38 1 0
github.com/trustknots/vcknots/wallet/internal/testutil/mockserver/oid4vci.go:156.38,158.4 1 0
github.com/trustknots/vcknots/wallet/internal/testutil/mockserver/oid4vci.go:161.2,161.54 1 0
github.com/trustknots/vcknots/wallet/internal/testutil/mockserver/oid4vci.go:165.91,167.2 1 0
github.com/trustknots/vcknots/wallet/internal/testutil/mockserver/oid4vci.go:170.45,172.2 1 0
github.com/trustknots/vcknots/wallet/internal/testutil/mockserver/oid4vci.go:175.46,177.2 1 0
github.com/trustknots/vcknots/wallet/internal/testutil/mockserver/oid4vci.go:180.40,182.2 1 0
github.com/trustknots/vcknots/wallet/internal/testutil/mockserver/oid4vci.go:185.54,187.2 1 0
github.com/trustknots/vcknots/wallet/internal/testutil/mockserver/oid4vp.go:15.58,21.2 1 0
github.com/trustknots/vcknots/wallet/internal/testutil/mockserver/oid4vp.go:31.82,32.19 1 0
github.com/trustknots/vcknots/wallet/internal/testutil/mockserver/oid4vp.go:32.19,34.3 1 0
github.com/trustknots/vcknots/wallet/internal/testutil/mockserver/oid4vp.go:36.2,46.11 5 0
github.com/trustknots/vcknots/wallet/internal/testutil/mockserver/oid4vp.go:50.47,56.2 2 0
github.com/trustknots/vcknots/wallet/internal/testutil/mockserver/oid4vp.go:59.96,69.45 3 0
github.com/trustknots/vcknots/wallet/internal/testutil/mockserver/oid4vp.go:69.45,71.3 1 0
github.com/trustknots/vcknots/wallet/internal/testutil/mockserver/oid4vp.go:73.2,73.42 1 0
github.com/trustknots/vcknots/wallet/internal/testutil/mockserver/oid4vp.go:77.84,79.2 1 0
github.com/trustknots/vcknots/wallet/internal/testutil/mockserver/oid4vp.go:82.96,85.2 2 0
github.com/trustknots/vcknots/wallet/internal/testutil/mockserver/oid4vp.go:88.46,90.2 1 0
github.com/trustknots/vcknots/wallet/internal/testutil/mockserver/oid4vp.go:93.47,95.2 1 0
github.com/trustknots/vcknots/wallet/internal/testutil/mockserver/oid4vp.go:98.41,100.2 1 0
github.com/trustknots/vcknots/wallet/internal/testutil/mockserver/oid4vp.go:103.55,105.2 1 0
github.com/trustknots/vcknots/wallet/internal/testutil/mockserver/oid4vp.go:114.60,119.2 1 0
github.com/trustknots/vcknots/wallet/internal/testutil/mockserver/oid4vp.go:128.85,129.19 1 0
github.com/trustknots/vcknots/wallet/internal/testutil/mockserver/oid4vp.go:129.19,131.3 1 0
github.com/trustknots/vcknots/wallet/internal/testutil/mockserver/oid4vp.go:133.2,141.11 4 0
github.com/trustknots/vcknots/wallet/internal/testutil/mockserver/oid4vp.go:145.48,148.2 1 0
github.com/trustknots/vcknots/wallet/internal/testutil/mockserver/oid4vp.go:151.93,152.24 1 0
github.com/trustknots/vcknots/wallet/internal/testutil/mockserver/oid4vp.go:152.24,155.3 2 0
github.com/trustknots/vcknots/wallet/internal/testutil/mockserver/oid4vp.go:157.2,157.38 1 0
github.com/trustknots/vcknots/wallet/internal/testutil/mockserver/oid4vp.go:157.38,159.3 1 0
github.com/trustknots/vcknots/wallet/internal/testutil/mockserver/oid4vp.go:159.8,161.3 1 0
github.com/trustknots/vcknots/wallet/internal/testutil/mockserver/oid4vp.go:165.47,167.2 1 0
github.com/trustknots/vcknots/wallet/internal/testutil/mockserver/oid4vp.go:170.42,172.2 1 0
github.com/trustknots/vcknots/wallet/internal/testutil/mockserver/server.go:17.34,26.2 3 0
github.com/trustknots/vcknots/wallet/internal/testutil/mockserver/server.go:29.36,31.2 1 0
github.com/trustknots/vcknots/wallet/internal/testutil/mockserver/server.go:34.37,36.2 1 0
github.com/trustknots/vcknots/wallet/internal/testutil/mockserver/server.go:39.31,41.2 1 0
github.com/trustknots/vcknots/wallet/internal/testutil/mockserver/server.go:44.100,46.2 1 0
github.com/trustknots/vcknots/wallet/internal/testutil/mockserver/server.go:49.78,53.2 3 0
github.com/trustknots/vcknots/wallet/internal/testutil/mockserver/server.go:56.77,58.2 1 0
github.com/trustknots/vcknots/wallet/internal/testutil/mockserver/server.go:61.58,62.54 1 0
github.com/trustknots/vcknots/wallet/internal/testutil/mockserver/server.go:62.54,67.28 4 0
github.com/trustknots/vcknots/wallet/internal/testutil/mockserver/server.go:67.28,70.4 2 0
github.com/trustknots/vcknots/wallet/internal/testutil/mockserver/server.go:72.3,72.13 1 0
github.com/trustknots/vcknots/wallet/internal/testutil/mockserver/server.go:77.61,78.54 1 0
github.com/trustknots/vcknots/wallet/internal/testutil/mockserver/server.go:78.54,82.3 1 0
github.com/trustknots/vcknots/wallet/internal/testutil/mockserver/server.go:86.69,88.2 1 0
github.com/trustknots/vcknots/wallet/internal/testutil/mockserver/server.go:91.55,93.2 1 0
github.com/trustknots/vcknots/wallet/internal/testutil/mockserver/server.go:96.114,97.74 1 0
github.com/trustknots/vcknots/wallet/internal/testutil/mockserver/server.go:97.74,99.66 1 0
github.com/trustknots/vcknots/wallet/internal/testutil/mockserver/server.go:99.66,102.4 2 0
github.com/trustknots/vcknots/wallet/internal/testutil/mockserver/server.go:103.3,103.16 1 0
github.com/trustknots/vcknots/wallet/internal/testutil/mockserver/server.go:108.86,109.67 1 0
github.com/trustknots/vcknots/wallet/internal/testutil/mockserver/server.go:109.67,111.3 1 0
github.com/trustknots/vcknots/wallet/internal/testutil/mockserver/server.go:115.81,116.67 1 0
github.com/trustknots/vcknots/wallet/internal/testutil/mockserver/server.go:116.67,119.3 2 0
github.com/trustknots/vcknots/wallet/internal/presenter/plugins/oid4vp/oid4vp.go:19.105,21.16 2 1
github.com/trustknots/vcknots/wallet/internal/presenter/plugins/oid4vp/oid4vp.go:21.16,23.3 1 1
github.com/trustknots/vcknots/wallet/internal/presenter/plugins/oid4vp/oid4vp.go:24.2,29.22 4 1
github.com/trustknots/vcknots/wallet/internal/presenter/plugins/oid4vp/oid4vp.go:29.22,32.29 2 1
github.com/trustknots/vcknots/wallet/internal/presenter/plugins/oid4vp/oid4vp.go:32.29,34.4 1 1
github.com/trustknots/vcknots/wallet/internal/presenter/plugins/oid4vp/oid4vp.go:36.3,37.17 2 1
github.com/trustknots/vcknots/wallet/internal/presenter/plugins/oid4vp/oid4vp.go:37.17,39.4 1 1
github.com/trustknots/vcknots/wallet/internal/presenter/plugins/oid4vp/oid4vp.go:41.3,45.17 3 1
github.com/trustknots/vcknots/wallet/internal/presenter/plugins/oid4vp/oid4vp.go:45.17,47.4 1 0
github.com/trustknots/vcknots/wallet/internal/presenter/plugins/oid4vp/oid4vp.go:50.3,51.17 2 1
github.com/trustknots/vcknots/wallet/internal/presenter/plugins/oid4vp/oid4vp.go:51.17,53.4 1 0
github.com/trustknots/vcknots/wallet/internal/presenter/plugins/oid4vp/oid4vp.go:56.3,57.17 2 1
github.com/trustknots/vcknots/wallet/internal/presenter/plugins/oid4vp/oid4vp.go:57.17,59.4 1 0
github.com/trustknots/vcknots/wallet/internal/presenter/plugins/oid4vp/oid4vp.go:62.3,63.17 2 1
github.com/trustknots/vcknots/wallet/internal/presenter/plugins/oid4vp/oid4vp.go:63.17,65.4 1 0
github.com/trustknots/vcknots/wallet/internal/presenter/plugins/oid4vp/oid4vp.go:68.3,68.62 1 1
github.com/trustknots/vcknots/wallet/internal/presenter/plugins/oid4vp/oid4vp.go:68.62,70.4 1 0
github.com/trustknots/vcknots/wallet/internal/presenter/plugins/oid4vp/oid4vp.go:72.3,73.17 2 1
github.com/trustknots/vcknots/wallet/internal/presenter/plugins/oid4vp/oid4vp.go:73.17,75.4 1 0
github.com/trustknots/vcknots/wallet/internal/presenter/plugins/oid4vp/oid4vp.go:76.8,78.17 2 1
github.com/trustknots/vcknots/wallet/internal/presenter/plugins/oid4vp/oid4vp.go:78.17,80.4 1 0
github.com/trustknots/vcknots/wallet/internal/presenter/plugins/oid4vp/oid4vp.go:83.2,83.18 1 1
github.com/trustknots/vcknots/wallet/internal/presenter/plugins/oid4vp/oid4vp.go:86.89,88.16 2 1
github.com/trustknots/vcknots/wallet/internal/presenter/plugins/oid4vp/oid4vp.go:88.16,90.3 1 0
github.com/trustknots/vcknots/wallet/internal/presenter/plugins/oid4vp/oid4vp.go:92.2,94.16 3 1
github.com/trustknots/vcknots/wallet/internal/presenter/plugins/oid4vp/oid4vp.go:94.16,96.3 1 1
github.com/trustknots/vcknots/wallet/internal/presenter/plugins/oid4vp/oid4vp.go:97.2,99.38 2 1
github.com/trustknots/vcknots/wallet/internal/presenter/plugins/oid4vp/oid4vp.go:99.38,101.3 1 1
github.com/trustknots/vcknots/wallet/internal/presenter/plugins/oid4vp/oid4vp.go:103.2,104.16 2 1
github.com/trustknots/vcknots/wallet/internal/presenter/plugins/oid4vp/oid4vp.go:104.16,106.3 1 0
github.com/trustknots/vcknots/wallet/internal/presenter/plugins/oid4vp/oid4vp.go:108.2,108.26 1 1
github.com/trustknots/vcknots/wallet/internal/presenter/plugins/oid4vp/oid4vp.go:112.81,115.16 3 1
github.com/trustknots/vcknots/wallet/internal/presenter/plugins/oid4vp/oid4vp.go:115.16,117.3 1 1
github.com/trustknots/vcknots/wallet/internal/presenter/plugins/oid4vp/oid4vp.go:118.2,118.23 1 1
github.com/trustknots/vcknots/wallet/internal/presenter/plugins/oid4vp/oid4vp.go:123.97,124.33 1 1
github.com/trustknots/vcknots/wallet/internal/presenter/plugins/oid4vp/oid4vp.go:124.33,126.3 1 0
github.com/trustknots/vcknots/wallet/internal/presenter/plugins/oid4vp/oid4vp.go:129.2,133.28 3 1
github.com/trustknots/vcknots/wallet/internal/presenter/plugins/oid4vp/oid4vp.go:133.28,135.3 1 1
github.com/trustknots/vcknots/wallet/internal/presenter/plugins/oid4vp/oid4vp.go:136.2,136.24 1 1
github.com/trustknots/vcknots/wallet/internal/presenter/plugins/oid4vp/oid4vp.go:136.24,138.3 1 1
github.com/trustknots/vcknots/wallet/internal/presenter/plugins/oid4vp/oid4vp.go:141.2,141.32 1 1
github.com/trustknots/vcknots/wallet/internal/presenter/plugins/oid4vp/oid4vp.go:141.32,142.48 1 1
github.com/trustknots/vcknots/wallet/internal/presenter/plugins/oid4vp/oid4vp.go:142.48,144.4 1 0
github.com/trustknots/vcknots/wallet/internal/presenter/plugins/oid4vp/oid4vp.go:145.3,145.48 1 1
github.com/trustknots/vcknots/wallet/internal/presenter/plugins/oid4vp/oid4vp.go:145.48,147.4 1 1
github.com/trustknots/vcknots/wallet/internal/presenter/plugins/oid4vp/oid4vp.go:150.2,150.23 1 1
github.com/trustknots/vcknots/wallet/internal/presenter/plugins/oid4vp/oid4vp.go:154.94,156.75 2 1
github.com/trustknots/vcknots/wallet/internal/presenter/plugins/oid4vp/oid4vp.go:156.75,158.3 1 0
github.com/trustknots/vcknots/wallet/internal/presenter/plugins/oid4vp/oid4vp.go:159.2,159.20 1 1
github.com/trustknots/vcknots/wallet/internal/presenter/plugins/oid4vp/oid4vp.go:163.98,165.9 2 1
github.com/trustknots/vcknots/wallet/internal/presenter/plugins/oid4vp/oid4vp.go:165.9,167.3 1 1
github.com/trustknots/vcknots/wallet/internal/presenter/plugins/oid4vp/oid4vp.go:168.2,168.29 1 1
github.com/trustknots/vcknots/wallet/internal/presenter/plugins/oid4vp/oid4vp.go:168.29,170.3 1 1
github.com/trustknots/vcknots/wallet/internal/presenter/plugins/oid4vp/oid4vp.go:171.2,171.12 1 1
github.com/trustknots/vcknots/wallet/internal/presenter/plugins/oid4vp/oid4vp.go:175.90,176.33 1 1
github.com/trustknots/vcknots/wallet/internal/presenter/plugins/oid4vp/oid4vp.go:176.33,178.3 1 0
github.com/trustknots/vcknots/wallet/internal/presenter/plugins/oid4vp/oid4vp.go:181.2,183.24 2 1
github.com/trustknots/vcknots/wallet/internal/presenter/plugins/oid4vp/oid4vp.go:183.24,185.3 1 1
github.com/trustknots/vcknots/wallet/internal/presenter/plugins/oid4vp/oid4vp.go:187.2,187.26 1 1
github.com/trustknots/vcknots/wallet/internal/presenter/plugins/oid4vp/oid4vp.go:191.91,196.16 3 1
github.com/trustknots/vcknots/wallet/internal/presenter/plugins/oid4vp/oid4vp.go:196.16,198.3 1 0
github.com/trustknots/vcknots/wallet/internal/presenter/plugins/oid4vp/oid4vp.go:200.2,202.16 3 1
github.com/trustknots/vcknots/wallet/internal/presenter/plugins/oid4vp/oid4vp.go:202.16,204.3 1 0
github.com/trustknots/vcknots/wallet/internal/presenter/plugins/oid4vp/oid4vp.go:205.2,207.38 2 1
github.com/trustknots/vcknots/wallet/internal/presenter/plugins/oid4vp/oid4vp.go:207.38,209.3 1 0
github.com/trustknots/vcknots/wallet/internal/presenter/plugins/oid4vp/oid4vp.go:211.2,212.16 2 1
github.com/trustknots/vcknots/wallet/internal/presenter/plugins/oid4vp/oid4vp.go:212.16,214.3 1 0
github.com/trustknots/vcknots/wallet/internal/presenter/plugins/oid4vp/oid4vp.go:216.2,217.56 2 1
github.com/trustknots/vcknots/wallet/internal/presenter/plugins/oid4vp/oid4vp.go:217.56,219.3 1 0
github.com/trustknots/vcknots/wallet/internal/presenter/plugins/oid4vp/oid4vp.go:221.2,221.23 1 1
github.com/trustknots/vcknots/wallet/internal/presenter/plugins/oid4vp/oid4vp.go:225.126,228.16 2 1
github.com/trustknots/vcknots/wallet/internal/presenter/plugins/oid4vp/oid4vp.go:228.16,230.3 1 0
github.com/trustknots/vcknots/wallet/internal/presenter/plugins/oid4vp/oid4vp.go:233.2,234.9 2 1
github.com/trustknots/vcknots/wallet/internal/presenter/plugins/oid4vp/oid4vp.go:234.9,236.3 1 0
github.com/trustknots/vcknots/wallet/internal/presenter/plugins/oid4vp/oid4vp.go:239.2,240.16 2 1
github.com/trustknots/vcknots/wallet/internal/presenter/plugins/oid4vp/oid4vp.go:240.16,242.3 1 0
github.com/trustknots/vcknots/wallet/internal/presenter/plugins/oid4vp/oid4vp.go:245.2,245.57 1 1
github.com/trustknots/vcknots/wallet/internal/presenter/plugins/oid4vp/oid4vp.go:245.57,246.42 1 1
github.com/trustknots/vcknots/wallet/internal/presenter/plugins/oid4vp/oid4vp.go:246.42,247.24 1 1
github.com/trustknots/vcknots/wallet/internal/presenter/plugins/oid4vp/oid4vp.go:247.24,249.5 1 1
github.com/trustknots/vcknots/wallet/internal/presenter/plugins/oid4vp/oid4vp.go:254.2,254.28 1 0
github.com/trustknots/vcknots/wallet/internal/presenter/plugins/oid4vp/oid4vp.go:254.28,256.3 1 0
github.com/trustknots/vcknots/wallet/internal/presenter/plugins/oid4vp/oid4vp.go:258.2,258.88 1 0
github.com/trustknots/vcknots/wallet/internal/presenter/plugins/oid4vp/oid4vp.go:262.97,264.16 2 0
github.com/trustknots/vcknots/wallet/internal/presenter/plugins/oid4vp/oid4vp.go:264.16,266.3 1 0
github.com/trustknots/vcknots/wallet/internal/presenter/plugins/oid4vp/oid4vp.go:268.2,270.16 3 0
github.com/trustknots/vcknots/wallet/internal/presenter/plugins/oid4vp/oid4vp.go:270.16,272.3 1 0
github.com/trustknots/vcknots/wallet/internal/presenter/plugins/oid4vp/oid4vp.go:273.2,275.38 2 0
github.com/trustknots/vcknots/wallet/internal/presenter/plugins/oid4vp/oid4vp.go:275.38,277.3 1 0
github.com/trustknots/vcknots/wallet/internal/presenter/plugins/oid4vp/oid4vp.go:279.2,280.16 2 0
github.com/trustknots/vcknots/wallet/internal/presenter/plugins/oid4vp/oid4vp.go:280.16,282.3 1 0
github.com/trustknots/vcknots/wallet/internal/presenter/plugins/oid4vp/oid4vp.go:284.2,285.52 2 0
github.com/trustknots/vcknots/wallet/internal/presenter/plugins/oid4vp/oid4vp.go:285.52,287.3 1 0
github.com/trustknots/vcknots/wallet/internal/presenter/plugins/oid4vp/oid4vp.go:290.2,290.32 1 0
github.com/trustknots/vcknots/wallet/internal/presenter/plugins/oid4vp/oid4vp.go:290.32,291.23 1 0
github.com/trustknots/vcknots/wallet/internal/presenter/plugins/oid4vp/oid4vp.go:291.23,293.4 1 0
github.com/trustknots/vcknots/wallet/internal/presenter/plugins/oid4vp/oid4vp.go:296.2,296.75 1 0
github.com/trustknots/vcknots/wallet/internal/presenter/plugins/oid4vp/oid4vp.go:300.130,302.61 2 1
github.com/trustknots/vcknots/wallet/internal/presenter/plugins/oid4vp/oid4vp.go:302.61,304.3 1 0
github.com/trustknots/vcknots/wallet/internal/presenter/plugins/oid4vp/oid4vp.go:305.2,305.20 1 1
github.com/trustknots/vcknots/wallet/internal/presenter/plugins/oid4vp/oid4vp.go:308.107,311.47 2 1
github.com/trustknots/vcknots/wallet/internal/presenter/plugins/oid4vp/oid4vp.go:311.47,313.3 1 1
github.com/trustknots/vcknots/wallet/internal/presenter/plugins/oid4vp/oid4vp.go:315.2,315.71 1 1
github.com/trustknots/vcknots/wallet/internal/presenter/plugins/oid4vp/oid4vp.go:315.71,318.3 2 1
github.com/trustknots/vcknots/wallet/internal/presenter/plugins/oid4vp/oid4vp.go:318.8,320.3 1 1
github.com/trustknots/vcknots/wallet/internal/presenter/plugins/oid4vp/oid4vp.go:322.2,322.60 1 1
github.com/trustknots/vcknots/wallet/internal/presenter/plugins/oid4vp/oid4vp.go:322.60,324.17 2 1
github.com/trustknots/vcknots/wallet/internal/presenter/plugins/oid4vp/oid4vp.go:324.17,326.4 1 1
github.com/trustknots/vcknots/wallet/internal/presenter/plugins/oid4vp/oid4vp.go:327.3,327.26 1 1
github.com/trustknots/vcknots/wallet/internal/presenter/plugins/oid4vp/oid4vp.go:328.8,330.3 1 1
github.com/trustknots/vcknots/wallet/internal/presenter/plugins/oid4vp/oid4vp.go:332.2,334.17 2 1
github.com/trustknots/vcknots/wallet/internal/presenter/plugins/oid4vp/oid4vp.go:337.113,341.17 3 1
github.com/trustknots/vcknots/wallet/internal/presenter/plugins/oid4vp/oid4vp.go:341.17,343.3 1 1
github.com/trustknots/vcknots/wallet/internal/presenter/plugins/oid4vp/oid4vp.go:345.2,346.19 2 1
github.com/trustknots/vcknots/wallet/internal/presenter/plugins/oid4vp/oid4vp.go:346.19,348.63 2 1
github.com/trustknots/vcknots/wallet/internal/presenter/plugins/oid4vp/oid4vp.go:348.63,350.4 1 1
github.com/trustknots/vcknots/wallet/internal/presenter/plugins/oid4vp/oid4vp.go:351.3,351.36 1 1
github.com/trustknots/vcknots/wallet/internal/presenter/plugins/oid4vp/oid4vp.go:352.8,354.3 1 1
github.com/trustknots/vcknots/wallet/internal/presenter/plugins/oid4vp/oid4vp.go:356.2,357.23 2 1
github.com/trustknots/vcknots/wallet/internal/presenter/plugins/oid4vp/oid4vp.go:357.23,359.17 2 1
github.com/trustknots/vcknots/wallet/internal/presenter/plugins/oid4vp/oid4vp.go:359.17,361.4 1 1
github.com/trustknots/vcknots/wallet/internal/presenter/plugins/oid4vp/oid4vp.go:362.3,362.26 1 1
github.com/trustknots/vcknots/wallet/internal/presenter/plugins/oid4vp/oid4vp.go:363.8,365.3 1 0
github.com/trustknots/vcknots/wallet/internal/presenter/plugins/oid4vp/oid4vp.go:367.2,369.17 2 1
github.com/trustknots/vcknots/wallet/internal/presenter/plugins/oid4vp/oid4vp.go:373.189,374.30 1 1
github.com/trustknots/vcknots/wallet/internal/presenter/plugins/oid4vp/oid4vp.go:374.30,376.3 1 1
github.com/trustknots/vcknots/wallet/internal/presenter/plugins/oid4vp/oid4vp.go:378.2,380.16 3 1
github.com/trustknots/vcknots/wallet/internal/presenter/plugins/oid4vp/oid4vp.go:380.16,382.3 1 0
github.com/trustknots/vcknots/wallet/internal/presenter/plugins/oid4vp/oid4vp.go:384.2,389.16 5 1
github.com/trustknots/vcknots/wallet/internal/presenter/plugins/oid4vp/oid4vp.go:389.16,391.3 1 1
github.com/trustknots/vcknots/wallet/internal/presenter/plugins/oid4vp/oid4vp.go:392.2,394.28 2 1
github.com/trustknots/vcknots/wallet/internal/presenter/plugins/oid4vp/oid4vp.go:394.28,396.3 1 1
github.com/trustknots/vcknots/wallet/internal/presenter/plugins/oid4vp/oid4vp.go:398.2,398.12 1 1
github.com/trustknots/vcknots/wallet/internal/receiver/dispatcher.go:18.104,23.33 2 1
github.com/trustknots/vcknots/wallet/internal/receiver/dispatcher.go:23.33,24.35 1 1
github.com/trustknots/vcknots/wallet/internal/receiver/dispatcher.go:24.35,26.4 1 1
github.com/trustknots/vcknots/wallet/internal/receiver/dispatcher.go:29.2,29.15 1 1
github.com/trustknots/vcknots/wallet/internal/receiver/dispatcher.go:33.61,34.44 1 1
github.com/trustknots/vcknots/wallet/internal/receiver/dispatcher.go:34.44,38.3 2 1
github.com/trustknots/vcknots/wallet/internal/receiver/dispatcher.go:42.118,43.44 1 1
github.com/trustknots/vcknots/wallet/internal/receiver/dispatcher.go:43.44,45.3 1 1
github.com/trustknots/vcknots/wallet/internal/receiver/dispatcher.go:49.120,50.19 1 1
github.com/trustknots/vcknots/wallet/internal/receiver/dispatcher.go:50.19,52.3 1 0
github.com/trustknots/vcknots/wallet/internal/receiver/dispatcher.go:53.2,54.12 2 1
github.com/trustknots/vcknots/wallet/internal/receiver/dispatcher.go:58.110,60.13 2 1
github.com/trustknots/vcknots/wallet/internal/receiver/dispatcher.go:60.13,62.3 1 1
github.com/trustknots/vcknots/wallet/internal/receiver/dispatcher.go:63.2,63.20 1 1
github.com/trustknots/vcknots/wallet/internal/receiver/dispatcher.go:67.163,69.16 2 1
github.com/trustknots/vcknots/wallet/internal/receiver/dispatcher.go:69.16,71.3 1 1
github.com/trustknots/vcknots/wallet/internal/receiver/dispatcher.go:73.2,74.16 2 1
github.com/trustknots/vcknots/wallet/internal/receiver/dispatcher.go:74.16,76.3 1 1
github.com/trustknots/vcknots/wallet/internal/receiver/dispatcher.go:78.2,78.22 1 1
github.com/trustknots/vcknots/wallet/internal/receiver/dispatcher.go:82.179,84.16 2 1
github.com/trustknots/vcknots/wallet/internal/receiver/dispatcher.go:84.16,86.3 1 1
github.com/trustknots/vcknots/wallet/internal/receiver/dispatcher.go:88.2,89.16 2 1
github.com/trustknots/vcknots/wallet/internal/receiver/dispatcher.go:89.16,91.3 1 1
github.com/trustknots/vcknots/wallet/internal/receiver/dispatcher.go:93.2,93.22 1 1
github.com/trustknots/vcknots/wallet/internal/receiver/dispatcher.go:97.183,98.21 1 1
github.com/trustknots/vcknots/wallet/internal/receiver/dispatcher.go:98.21,100.3 1 1
github.com/trustknots/vcknots/wallet/internal/receiver/dispatcher.go:102.2,103.16 2 1
github.com/trustknots/vcknots/wallet/internal/receiver/dispatcher.go:103.16,105.3 1 1
github.com/trustknots/vcknots/wallet/internal/receiver/dispatcher.go:107.2,108.16 2 1
github.com/trustknots/vcknots/wallet/internal/receiver/dispatcher.go:108.16,110.3 1 0
github.com/trustknots/vcknots/wallet/internal/receiver/dispatcher.go:112.2,112.19 1 1
github.com/trustknots/vcknots/wallet/internal/receiver/dispatcher.go:123.20,124.18 1 1
github.com/trustknots/vcknots/wallet/internal/receiver/dispatcher.go:124.18,126.3 1 1
github.com/trustknots/vcknots/wallet/internal/receiver/dispatcher.go:128.2,129.16 2 1
github.com/trustknots/vcknots/wallet/internal/receiver/dispatcher.go:129.16,131.3 1 0
github.com/trustknots/vcknots/wallet/internal/receiver/dispatcher.go:133.2,134.16 2 1
github.com/trustknots/vcknots/wallet/internal/receiver/dispatcher.go:134.16,136.3 1 1
github.com/trustknots/vcknots/wallet/internal/receiver/dispatcher.go:138.2,138.24 1 1
github.com/trustknots/vcknots/wallet/internal/verifier/types/types.go:43.44,44.20 1 0
github.com/trustknots/vcknots/wallet/internal/verifier/types/types.go:44.20,46.3 1 0
github.com/trustknots/vcknots/wallet/internal/verifier/types/types.go:47.2,47.86 1 0
github.com/trustknots/vcknots/wallet/internal/verifier/types/types.go:50.44,52.2 1 0
github.com/trustknots/vcknots/wallet/internal/verifier/types/types.go:55.110,61.2 1 0
github.com/trustknots/vcknots/wallet/internal/receiver/plugins/oid4vci/oid4vci.go:17.160,18.37 1 1
github.com/trustknots/vcknots/wallet/internal/receiver/plugins/oid4vci/oid4vci.go:18.37,20.3 1 1
github.com/trustknots/vcknots/wallet/internal/receiver/plugins/oid4vci/oid4vci.go:22.2,24.56 3 1
github.com/trustknots/vcknots/wallet/internal/receiver/plugins/oid4vci/oid4vci.go:24.56,26.3 1 1
github.com/trustknots/vcknots/wallet/internal/receiver/plugins/oid4vci/oid4vci.go:28.2,29.16 2 1
github.com/trustknots/vcknots/wallet/internal/receiver/plugins/oid4vci/oid4vci.go:29.16,31.3 1 0
github.com/trustknots/vcknots/wallet/internal/receiver/plugins/oid4vci/oid4vci.go:32.2,34.28 2 1
github.com/trustknots/vcknots/wallet/internal/receiver/plugins/oid4vci/oid4vci.go:34.28,36.3 1 1
github.com/trustknots/vcknots/wallet/internal/receiver/plugins/oid4vci/oid4vci.go:38.2,39.16 2 1
github.com/trustknots/vcknots/wallet/internal/receiver/plugins/oid4vci/oid4vci.go:39.16,41.3 1 0
github.com/trustknots/vcknots/wallet/internal/receiver/plugins/oid4vci/oid4vci.go:43.2,43.25 1 1
github.com/trustknots/vcknots/wallet/internal/receiver/plugins/oid4vci/oid4vci.go:43.25,45.3 1 1
github.com/trustknots/vcknots/wallet/internal/receiver/plugins/oid4vci/oid4vci.go:47.2,48.61 2 1
github.com/trustknots/vcknots/wallet/internal/receiver/plugins/oid4vci/oid4vci.go:48.61,50.3 1 1
github.com/trustknots/vcknots/wallet/internal/receiver/plugins/oid4vci/oid4vci.go:52.2,52.23 1 1
github.com/trustknots/vcknots/wallet/internal/receiver/plugins/oid4vci/oid4vci.go:55.176,56.37 1 1
github.com/trustknots/vcknots/wallet/internal/receiver/plugins/oid4vci/oid4vci.go:56.37,58.3 1 0
github.com/trustknots/vcknots/wallet/internal/receiver/plugins/oid4vci/oid4vci.go:60.2,62.56 3 1
github.com/trustknots/vcknots/wallet/internal/receiver/plugins/oid4vci/oid4vci.go:62.56,64.3 1 1
github.com/trustknots/vcknots/wallet/internal/receiver/plugins/oid4vci/oid4vci.go:66.2,67.16 2 1
github.com/trustknots/vcknots/wallet/internal/receiver/plugins/oid4vci/oid4vci.go:67.16,69.3 1 0
github.com/trustknots/vcknots/wallet/internal/receiver/plugins/oid4vci/oid4vci.go:70.2,72.28 2 1
github.com/trustknots/vcknots/wallet/internal/receiver/plugins/oid4vci/oid4vci.go:72.28,74.3 1 1
github.com/trustknots/vcknots/wallet/internal/receiver/plugins/oid4vci/oid4vci.go:76.2,77.16 2 1
github.com/trustknots/vcknots/wallet/internal/receiver/plugins/oid4vci/oid4vci.go:77.16,79.3 1 0
github.com/trustknots/vcknots/wallet/internal/receiver/plugins/oid4vci/oid4vci.go:81.2,81.25 1 1
github.com/trustknots/vcknots/wallet/internal/receiver/plugins/oid4vci/oid4vci.go:81.25,83.3 1 0
github.com/trustknots/vcknots/wallet/internal/receiver/plugins/oid4vci/oid4vci.go:85.2,86.61 2 1
github.com/trustknots/vcknots/wallet/internal/receiver/plugins/oid4vci/oid4vci.go:86.61,88.3 1 1
github.com/trustknots/vcknots/wallet/internal/receiver/plugins/oid4vci/oid4vci.go:90.2,90.23 1 1
github.com/trustknots/vcknots/wallet/internal/receiver/plugins/oid4vci/oid4vci.go:93.180,94.37 1 1
github.com/trustknots/vcknots/wallet/internal/receiver/plugins/oid4vci/oid4vci.go:94.37,96.3 1 0
github.com/trustknots/vcknots/wallet/internal/receiver/plugins/oid4vci/oid4vci.go:98.2,100.53 3 1
github.com/trustknots/vcknots/wallet/internal/receiver/plugins/oid4vci/oid4vci.go:100.53,102.3 1 1
github.com/trustknots/vcknots/wallet/internal/receiver/plugins/oid4vci/oid4vci.go:105.2,110.16 5 1
github.com/trustknots/vcknots/wallet/internal/receiver/plugins/oid4vci/oid4vci.go:110.16,112.3 1 0
github.com/trustknots/vcknots/wallet/internal/receiver/plugins/oid4vci/oid4vci.go:113.2,115.28 2 1
github.com/trustknots/vcknots/wallet/internal/receiver/plugins/oid4vci/oid4vci.go:115.28,117.3 1 1
github.com/trustknots/vcknots/wallet/internal/receiver/plugins/oid4vci/oid4vci.go:119.2,120.16 2 1
github.com/trustknots/vcknots/wallet/internal/receiver/plugins/oid4vci/oid4vci.go:120.16,122.3 1 0
github.com/trustknots/vcknots/wallet/internal/receiver/plugins/oid4vci/oid4vci.go:124.2,124.25 1 1
github.com/trustknots/vcknots/wallet/internal/receiver/plugins/oid4vci/oid4vci.go:124.25,126.3 1 0
github.com/trustknots/vcknots/wallet/internal/receiver/plugins/oid4vci/oid4vci.go:128.2,129.64 2 1
github.com/trustknots/vcknots/wallet/internal/receiver/plugins/oid4vci/oid4vci.go:129.64,131.3 1 1
github.com/trustknots/vcknots/wallet/internal/receiver/plugins/oid4vci/oid4vci.go:133.2,133.26 1 1
github.com/trustknots/vcknots/wallet/internal/receiver/plugins/oid4vci/oid4vci.go:143.20,144.37 1 1
github.com/trustknots/vcknots/wallet/internal/receiver/plugins/oid4vci/oid4vci.go:144.37,146.3 1 0
github.com/trustknots/vcknots/wallet/internal/receiver/plugins/oid4vci/oid4vci.go:148.2,150.58 3 1
github.com/trustknots/vcknots/wallet/internal/receiver/plugins/oid4vci/oid4vci.go:150.58,152.3 1 1
github.com/trustknots/vcknots/wallet/internal/receiver/plugins/oid4vci/oid4vci.go:155.2,159.33 2 1
github.com/trustknots/vcknots/wallet/internal/receiver/plugins/oid4vci/oid4vci.go:159.33,161.3 1 0
github.com/trustknots/vcknots/wallet/internal/receiver/plugins/oid4vci/oid4vci.go:163.2,163.21 1 1
github.com/trustknots/vcknots/wallet/internal/receiver/plugins/oid4vci/oid4vci.go:163.21,168.3 1 0
github.com/trustknots/vcknots/wallet/internal/receiver/plugins/oid4vci/oid4vci.go:170.2,171.16 2 1
github.com/trustknots/vcknots/wallet/internal/receiver/plugins/oid4vci/oid4vci.go:171.16,173.3 1 0
github.com/trustknots/vcknots/wallet/internal/receiver/plugins/oid4vci/oid4vci.go:176.2,177.16 2 1
github.com/trustknots/vcknots/wallet/internal/receiver/plugins/oid4vci/oid4vci.go:177.16,179.3 1 0
github.com/trustknots/vcknots/wallet/internal/receiver/plugins/oid4vci/oid4vci.go:182.2,188.16 5 1
github.com/trustknots/vcknots/wallet/internal/receiver/plugins/oid4vci/oid4vci.go:188.16,190.3 1 0
github.com/trustknots/vcknots/wallet/internal/receiver/plugins/oid4vci/oid4vci.go:191.2,193.28 2 1
github.com/trustknots/vcknots/wallet/internal/receiver/plugins/oid4vci/oid4vci.go:193.28,195.3 1 1
github.com/trustknots/vcknots/wallet/internal/receiver/plugins/oid4vci/oid4vci.go:197.2,198.16 2 1
github.com/trustknots/vcknots/wallet/internal/receiver/plugins/oid4vci/oid4vci.go:198.16,200.3 1 0
github.com/trustknots/vcknots/wallet/internal/receiver/plugins/oid4vci/oid4vci.go:202.2,202.25 1 1
github.com/trustknots/vcknots/wallet/internal/receiver/plugins/oid4vci/oid4vci.go:202.25,204.3 1 0
github.com/trustknots/vcknots/wallet/internal/receiver/plugins/oid4vci/oid4vci.go:207.2,208.71 2 1
github.com/trustknots/vcknots/wallet/internal/receiver/plugins/oid4vci/oid4vci.go:208.71,210.3 1 1
github.com/trustknots/vcknots/wallet/internal/receiver/plugins/oid4vci/oid4vci.go:212.2,213.9 2 1
github.com/trustknots/vcknots/wallet/internal/receiver/plugins/oid4vci/oid4vci.go:213.9,215.3 1 1
github.com/trustknots/vcknots/wallet/internal/receiver/plugins/oid4vci/oid4vci.go:217.2,218.9 2 1
github.com/trustknots/vcknots/wallet/internal/receiver/plugins/oid4vci/oid4vci.go:218.9,221.17 2 0
github.com/trustknots/vcknots/wallet/internal/receiver/plugins/oid4vci/oid4vci.go:221.17,223.4 1 0
github.com/trustknots/vcknots/wallet/internal/receiver/plugins/oid4vci/oid4vci.go:224.3,224.42 1 0
github.com/trustknots/vcknots/wallet/internal/receiver/plugins/oid4vci/oid4vci.go:227.2,227.28 1 1
github.com/trustknots/vcknots/wallet/internal/presenter/dispatcher.go:15.113,20.33 2 1
github.com/trustknots/vcknots/wallet/internal/presenter/dispatcher.go:20.33,21.35 1 1
github.com/trustknots/vcknots/wallet/internal/presenter/dispatcher.go:21.35,23.4 1 1
github.com/trustknots/vcknots/wallet/internal/presenter/dispatcher.go:26.2,26.15 1 1
github.com/trustknots/vcknots/wallet/internal/presenter/dispatcher.go:29.64,30.47 1 1
github.com/trustknots/vcknots/wallet/internal/presenter/dispatcher.go:30.47,33.3 2 1
github.com/trustknots/vcknots/wallet/internal/presenter/dispatcher.go:36.123,37.47 1 1
github.com/trustknots/vcknots/wallet/internal/presenter/dispatcher.go:37.47,39.3 1 1
github.com/trustknots/vcknots/wallet/internal/presenter/dispatcher.go:42.125,43.19 1 1
github.com/trustknots/vcknots/wallet/internal/presenter/dispatcher.go:43.19,45.3 1 1
github.com/trustknots/vcknots/wallet/internal/presenter/dispatcher.go:46.2,47.12 2 1
github.com/trustknots/vcknots/wallet/internal/presenter/dispatcher.go:50.115,52.13 2 1
github.com/trustknots/vcknots/wallet/internal/presenter/dispatcher.go:52.13,54.3 1 1
github.com/trustknots/vcknots/wallet/internal/presenter/dispatcher.go:55.2,55.20 1 1
github.com/trustknots/vcknots/wallet/internal/presenter/dispatcher.go:58.184,59.38 1 1
github.com/trustknots/vcknots/wallet/internal/presenter/dispatcher.go:59.38,61.3 1 1
github.com/trustknots/vcknots/wallet/internal/presenter/dispatcher.go:63.2,64.16 2 1
github.com/trustknots/vcknots/wallet/internal/presenter/dispatcher.go:64.16,66.3 1 1
github.com/trustknots/vcknots/wallet/internal/presenter/dispatcher.go:68.2,68.107 1 1
github.com/trustknots/vcknots/wallet/internal/presenter/dispatcher.go:68.107,70.3 1 1
github.com/trustknots/vcknots/wallet/internal/presenter/dispatcher.go:72.2,72.12 1 0
github.com/trustknots/vcknots/wallet/internal/presenter/dispatcher.go:75.110,81.16 3 1
github.com/trustknots/vcknots/wallet/internal/presenter/dispatcher.go:81.16,83.3 1 0
github.com/trustknots/vcknots/wallet/internal/presenter/dispatcher.go:86.2,86.62 1 1
github.com/trustknots/vcknots/wallet/internal/presenter/dispatcher.go:86.62,88.17 2 1
github.com/trustknots/vcknots/wallet/internal/presenter/dispatcher.go:88.17,90.4 1 1
github.com/trustknots/vcknots/wallet/internal/presenter/dispatcher.go:91.3,91.18 1 0
github.com/trustknots/vcknots/wallet/internal/presenter/dispatcher.go:94.2,94.94 1 0
github.com/trustknots/vcknots/wallet/internal/serializer/serializer.go:19.116,24.33 2 1
github.com/trustknots/vcknots/wallet/internal/serializer/serializer.go:24.33,25.35 1 1
github.com/trustknots/vcknots/wallet/internal/serializer/serializer.go:25.35,27.4 1 0
github.com/trustknots/vcknots/wallet/internal/serializer/serializer.go:30.2,30.15 1 1
github.com/trustknots/vcknots/wallet/internal/serializer/serializer.go:34.63,35.48 1 1
github.com/trustknots/vcknots/wallet/internal/serializer/serializer.go:35.48,37.17 2 1
github.com/trustknots/vcknots/wallet/internal/serializer/serializer.go:37.17,39.4 1 0
github.com/trustknots/vcknots/wallet/internal/serializer/serializer.go:41.3,42.13 2 1
github.com/trustknots/vcknots/wallet/internal/serializer/serializer.go:47.127,48.48 1 1
github.com/trustknots/vcknots/wallet/internal/serializer/serializer.go:48.48,50.3 1 1
github.com/trustknots/vcknots/wallet/internal/serializer/serializer.go:54.129,55.19 1 1
github.com/trustknots/vcknots/wallet/internal/serializer/serializer.go:55.19,57.3 1 1
github.com/trustknots/vcknots/wallet/internal/serializer/serializer.go:59.2,60.12 2 1
github.com/trustknots/vcknots/wallet/internal/serializer/serializer.go:64.119,66.13 2 1
github.com/trustknots/vcknots/wallet/internal/serializer/serializer.go:66.13,68.3 1 1
github.com/trustknots/vcknots/wallet/internal/serializer/serializer.go:69.2,69.20 1 1
github.com/trustknots/vcknots/wallet/internal/serializer/serializer.go:73.148,74.17 1 1
github.com/trustknots/vcknots/wallet/internal/serializer/serializer.go:74.17,76.3 1 1
github.com/trustknots/vcknots/wallet/internal/serializer/serializer.go:78.2,79.16 2 1
github.com/trustknots/vcknots/wallet/internal/serializer/serializer.go:79.16,81.3 1 1
github.com/trustknots/vcknots/wallet/internal/serializer/serializer.go:83.2,84.16 2 1
github.com/trustknots/vcknots/wallet/internal/serializer/serializer.go:84.16,86.3 1 1
github.com/trustknots/vcknots/wallet/internal/serializer/serializer.go:88.2,88.20 1 1
github.com/trustknots/vcknots/wallet/internal/serializer/serializer.go:92.150,93.20 1 1
github.com/trustknots/vcknots/wallet/internal/serializer/serializer.go:93.20,95.3 1 1
github.com/trustknots/vcknots/wallet/internal/serializer/serializer.go:97.2,98.16 2 1
github.com/trustknots/vcknots/wallet/internal/serializer/serializer.go:98.16,100.3 1 1
github.com/trustknots/vcknots/wallet/internal/serializer/serializer.go:102.2,103.16 2 1
github.com/trustknots/vcknots/wallet/internal/serializer/serializer.go:103.16,105.3 1 1
github.com/trustknots/vcknots/wallet/internal/serializer/serializer.go:107.2,107.20 1 1
github.com/trustknots/vcknots/wallet/internal/serializer/serializer.go:111.229,112.25 1 1
github.com/trustknots/vcknots/wallet/internal/serializer/serializer.go:112.25,114.3 1 1
github.com/trustknots/vcknots/wallet/internal/serializer/serializer.go:115.2,115.16 1 1
github.com/trustknots/vcknots/wallet/internal/serializer/serializer.go:115.16,117.3 1 1
github.com/trustknots/vcknots/wallet/internal/serializer/serializer.go:119.2,120.16 2 1
github.com/trustknots/vcknots/wallet/internal/serializer/serializer.go:120.16,122.3 1 1
github.com/trustknots/vcknots/wallet/internal/serializer/serializer.go:124.2,125.16 2 1
github.com/trustknots/vcknots/wallet/internal/serializer/serializer.go:125.16,127.3 1 1
github.com/trustknots/vcknots/wallet/internal/serializer/serializer.go:129.2,129.40 1 1
github.com/trustknots/vcknots/wallet/internal/serializer/serializer.go:133.164,134.20 1 1
github.com/trustknots/vcknots/wallet/internal/serializer/serializer.go:134.20,136.3 1 1
[...]
github.com/trustknots/vcknots/wallet/internal/serializer/plugins/jwtvc/jwtvc.go:367.90,368.16 1 1
github.com/trustknots/vcknots/wallet/internal/serializer/plugins/jwtvc/jwtvc.go:369.15,370.25 1 1
github.com/trustknots/vcknots/wallet/internal/serializer/plugins/jwtvc/jwtvc.go:371.15,372.25 1 1
github.com/trustknots/vcknots/wallet/internal/serializer/plugins/jwtvc/jwtvc.go:373.15,374.25 1 1
github.com/trustknots/vcknots/wallet/internal/serializer/plugins/jwtvc/jwtvc.go:375.15,376.25 1 1
github.com/trustknots/vcknots/wallet/internal/serializer/plugins/jwtvc/jwtvc.go:377.15,378.25 1 1
github.com/trustknots/vcknots/wallet/internal/serializer/plugins/jwtvc/jwtvc.go:379.10,380.95 1 1
github.com/trustknots/vcknots/wallet/internal/serializer/plugins/jwtvc/jwtvc.go:385.83,386.13 1 1
github.com/trustknots/vcknots/wallet/internal/serializer/plugins/jwtvc/jwtvc.go:387.30,388.22 1 1
github.com/trustknots/vcknots/wallet/internal/serializer/plugins/jwtvc/jwtvc.go:389.18,390.25 1 1
github.com/trustknots/vcknots/wallet/internal/serializer/plugins/jwtvc/jwtvc.go:391.18,392.22 1 1
github.com/trustknots/vcknots/wallet/internal/serializer/plugins/jwtvc/jwtvc.go:393.18,394.22 1 1
github.com/trustknots/vcknots/wallet/internal/serializer/plugins/jwtvc/jwtvc.go:395.10,396.22 1 0
github.com/trustknots/vcknots/wallet/internal/serializer/plugins/jwtvc/jwtvc.go:401.94,404.28 2 1
github.com/trustknots/vcknots/wallet/internal/serializer/plugins/jwtvc/jwtvc.go:404.28,405.73 1 1
github.com/trustknots/vcknots/wallet/internal/serializer/plugins/jwtvc/jwtvc.go:405.73,407.4 1 1
github.com/trustknots/vcknots/wallet/internal/serializer/plugins/jwtvc/jwtvc.go:411.2,411.27 1 1
github.com/trustknots/vcknots/wallet/internal/serializer/plugins/jwtvc/jwtvc.go:412.24,414.24 2 0
github.com/trustknots/vcknots/wallet/internal/serializer/plugins/jwtvc/jwtvc.go:415.16,416.21 1 0
github.com/trustknots/vcknots/wallet/internal/serializer/plugins/jwtvc/jwtvc.go:417.16,418.21 1 0
github.com/trustknots/vcknots/wallet/internal/serializer/plugins/jwtvc/jwtvc.go:419.16,420.21 1 0
github.com/trustknots/vcknots/wallet/internal/serializer/plugins/jwtvc/jwtvc.go:421.16,422.21 1 0
github.com/trustknots/vcknots/wallet/internal/serializer/plugins/jwtvc/jwtvc.go:423.16,424.21 1 0
github.com/trustknots/vcknots/wallet/internal/serializer/plugins/jwtvc/jwtvc.go:429.2,429.19 1 1
github.com/trustknots/vcknots/wallet/internal/serializer/plugins/jwtvc/jwtvc.go:433.66,435.26 1 1
github.com/trustknots/vcknots/wallet/internal/serializer/plugins/jwtvc/jwtvc.go:436.9,437.24 1 1
github.com/trustknots/vcknots/wallet/internal/serializer/plugins/jwtvc/jwtvc.go:438.9,439.23 1 1
github.com/trustknots/vcknots/wallet/internal/serializer/plugins/jwtvc/jwtvc.go:440.10,441.17 1 1
github.com/trustknots/vcknots/wallet/internal/serializer/types/types.go:43.98,45.2 1 1
github.com/trustknots/vcknots/wallet/internal/serializer/types/types.go:48.56,49.18 1 1
github.com/trustknots/vcknots/wallet/internal/serializer/types/types.go:49.18,51.3 1 1
github.com/trustknots/vcknots/wallet/internal/serializer/types/types.go:52.2,52.49 1 1
github.com/trustknots/vcknots/wallet/internal/serializer/types/types.go:56.63,57.18 1 1
github.com/trustknots/vcknots/wallet/internal/serializer/types/types.go:57.18,59.3 1 1
github.com/trustknots/vcknots/wallet/internal/serializer/types/types.go:60.2,60.56 1 1
github.com/trustknots/vcknots/wallet/internal/serializer/types/types.go:64.54,65.18 1 1
github.com/trustknots/vcknots/wallet/internal/serializer/types/types.go:65.18,67.3 1 1
github.com/trustknots/vcknots/wallet/internal/serializer/types/types.go:68.2,68.53 1 1
github.com/trustknots/vcknots/wallet/internal/verifier/verifier.go:21.113,26.33 2 1
github.com/trustknots/vcknots/wallet/internal/verifier/verifier.go:26.33,27.35 1 1
github.com/trustknots/vcknots/wallet/internal/verifier/verifier.go:27.35,29.4 1 0
github.com/trustknots/vcknots/wallet/internal/verifier/verifier.go:32.2,32.15 1 1
github.com/trustknots/vcknots/wallet/internal/verifier/verifier.go:36.62,37.47 1 1
github.com/trustknots/vcknots/wallet/internal/verifier/verifier.go:37.47,40.3 1 1
github.com/trustknots/vcknots/wallet/internal/verifier/verifier.go:44.127,45.47 1 0
github.com/trustknots/vcknots/wallet/internal/verifier/verifier.go:45.47,47.3 1 0
github.com/trustknots/vcknots/wallet/internal/verifier/verifier.go:51.129,52.22 1 1
github.com/trustknots/vcknots/wallet/internal/verifier/verifier.go:52.22,54.3 1 1
github.com/trustknots/vcknots/wallet/internal/verifier/verifier.go:56.2,60.12 4 1
github.com/trustknots/vcknots/wallet/internal/verifier/verifier.go:64.116,69.13 4 1
github.com/trustknots/vcknots/wallet/internal/verifier/verifier.go:69.13,71.3 1 1
github.com/trustknots/vcknots/wallet/internal/verifier/verifier.go:72.2,72.20 1 1
github.com/trustknots/vcknots/wallet/internal/verifier/verifier.go:76.118,77.22 1 1
github.com/trustknots/vcknots/wallet/internal/verifier/verifier.go:77.22,79.3 1 0
github.com/trustknots/vcknots/wallet/internal/verifier/verifier.go:81.2,82.16 2 1
github.com/trustknots/vcknots/wallet/internal/verifier/verifier.go:82.16,84.3 1 1
github.com/trustknots/vcknots/wallet/internal/verifier/verifier.go:86.2,86.43 1 1
github.com/trustknots/vcknots/wallet/internal/verifier/verifier.go:90.85,95.29 4 1
github.com/trustknots/vcknots/wallet/internal/verifier/verifier.go:95.29,97.3 1 1
github.com/trustknots/vcknots/wallet/internal/verifier/verifier.go:98.2,98.19 1 1
github.com/trustknots/vcknots/wallet/internal/verifier/plugins/es256/es256.go:19.40,21.2 1 1
github.com/trustknots/vcknots/wallet/internal/verifier/plugins/es256/es256.go:24.109,26.35 1 1
github.com/trustknots/vcknots/wallet/internal/verifier/plugins/es256/es256.go:26.35,30.3 1 1
github.com/trustknots/vcknots/wallet/internal/verifier/plugins/es256/es256.go:32.2,32.22 1 1
github.com/trustknots/vcknots/wallet/internal/verifier/plugins/es256/es256.go:32.22,34.3 1 1
github.com/trustknots/vcknots/wallet/internal/verifier/plugins/es256/es256.go:37.2,38.9 2 1
github.com/trustknots/vcknots/wallet/internal/verifier/plugins/es256/es256.go:38.9,42.3 1 1
github.com/trustknots/vcknots/wallet/internal/verifier/plugins/es256/es256.go:45.2,45.29 1 1
github.com/trustknots/vcknots/wallet/internal/verifier/plugins/es256/es256.go:45.29,47.3 1 0
github.com/trustknots/vcknots/wallet/internal/verifier/plugins/es256/es256.go:50.2,53.32 2 1
github.com/trustknots/vcknots/wallet/internal/verifier/plugins/es256/es256.go:53.32,57.3 1 1
github.com/trustknots/vcknots/wallet/internal/verifier/plugins/es256/es256.go:59.2,64.12 4 1
github.com/trustknots/vcknots/wallet/internal/verifier/plugins/es256/es256.go:64.12,66.3 1 1
github.com/trustknots/vcknots/wallet/internal/verifier/plugins/es256/es256.go:68.2,68.19 1 1
github.com/trustknots/vcknots/wallet/pkg/vcknots_wallet/controller.go:46.55,49.16 2 1
github.com/trustknots/vcknots/wallet/pkg/vcknots_wallet/controller.go:49.16,51.3 1 0
github.com/trustknots/vcknots/wallet/pkg/vcknots_wallet/controller.go:54.2,55.16 2 1
github.com/trustknots/vcknots/wallet/pkg/vcknots_wallet/controller.go:55.16,57.3 1 0
github.com/trustknots/vcknots/wallet/pkg/vcknots_wallet/controller.go:59.2,60.16 2 1
github.com/trustknots/vcknots/wallet/pkg/vcknots_wallet/controller.go:60.16,62.3 1 0
github.com/trustknots/vcknots/wallet/pkg/vcknots_wallet/controller.go:65.2,66.16 2 1
github.com/trustknots/vcknots/wallet/pkg/vcknots_wallet/controller.go:66.16,68.3 1 0
github.com/trustknots/vcknots/wallet/pkg/vcknots_wallet/controller.go:71.2,72.16 2 1
github.com/trustknots/vcknots/wallet/pkg/vcknots_wallet/controller.go:72.16,74.3 1 0
github.com/trustknots/vcknots/wallet/pkg/vcknots_wallet/controller.go:77.2,78.16 2 1
github.com/trustknots/vcknots/wallet/pkg/vcknots_wallet/controller.go:78.16,80.3 1 0
github.com/trustknots/vcknots/wallet/pkg/vcknots_wallet/controller.go:82.2,91.30 2 1
github.com/trustknots/vcknots/wallet/pkg/vcknots_wallet/controller.go:95.66,97.29 1 1
github.com/trustknots/vcknots/wallet/pkg/vcknots_wallet/controller.go:97.29,99.17 2 1
github.com/trustknots/vcknots/wallet/pkg/vcknots_wallet/controller.go:99.17,101.4 1 0
github.com/trustknots/vcknots/wallet/pkg/vcknots_wallet/controller.go:102.3,102.31 1 1
github.com/trustknots/vcknots/wallet/pkg/vcknots_wallet/controller.go:105.2,105.30 1 1
github.com/trustknots/vcknots/wallet/pkg/vcknots_wallet/controller.go:105.30,107.17 2 1
github.com/trustknots/vcknots/wallet/pkg/vcknots_wallet/controller.go:107.17,109.4 1 0
github.com/trustknots/vcknots/wallet/pkg/vcknots_wallet/controller.go:110.3,110.29 1 1
github.com/trustknots/vcknots/wallet/pkg/vcknots_wallet/controller.go:113.2,113.28 1 1
github.com/trustknots/vcknots/wallet/pkg/vcknots_wallet/controller.go:113.28,115.17 2 1
github.com/trustknots/vcknots/wallet/pkg/vcknots_wallet/controller.go:115.17,117.4 1 0
github.com/trustknots/vcknots/wallet/pkg/vcknots_wallet/controller.go:118.3,118.29 1 1
github.com/trustknots/vcknots/wallet/pkg/vcknots_wallet/controller.go:121.2,121.30 1 1
github.com/trustknots/vcknots/wallet/pkg/vcknots_wallet/controller.go:121.30,123.17 2 1
github.com/trustknots/vcknots/wallet/pkg/vcknots_wallet/controller.go:123.17,125.4 1 0
github.com/trustknots/vcknots/wallet/pkg/vcknots_wallet/controller.go:126.3,126.33 1 1
github.com/trustknots/vcknots/wallet/pkg/vcknots_wallet/controller.go:129.2,129.28 1 1
github.com/trustknots/vcknots/wallet/pkg/vcknots_wallet/controller.go:129.28,131.17 2 1
github.com/trustknots/vcknots/wallet/pkg/vcknots_wallet/controller.go:131.17,133.4 1 0
github.com/trustknots/vcknots/wallet/pkg/vcknots_wallet/controller.go:134.3,134.29 1 1
github.com/trustknots/vcknots/wallet/pkg/vcknots_wallet/controller.go:137.2,137.29 1 1
github.com/trustknots/vcknots/wallet/pkg/vcknots_wallet/controller.go:137.29,139.17 2 1
github.com/trustknots/vcknots/wallet/pkg/vcknots_wallet/controller.go:139.17,141.4 1 0
github.com/trustknots/vcknots/wallet/pkg/vcknots_wallet/controller.go:142.3,142.31 1 1
github.com/trustknots/vcknots/wallet/pkg/vcknots_wallet/controller.go:145.2,152.8 1 1
github.com/trustknots/vcknots/wallet/pkg/vcknots_wallet/controller.go:194.98,197.42 2 1
github.com/trustknots/vcknots/wallet/pkg/vcknots_wallet/controller.go:197.42,199.3 1 1
github.com/trustknots/vcknots/wallet/pkg/vcknots_wallet/controller.go:200.2,202.63 2 1
github.com/trustknots/vcknots/wallet/pkg/vcknots_wallet/controller.go:202.63,206.3 3 1
github.com/trustknots/vcknots/wallet/pkg/vcknots_wallet/controller.go:208.2,208.45 1 1
github.com/trustknots/vcknots/wallet/pkg/vcknots_wallet/controller.go:211.173,213.16 2 1
github.com/trustknots/vcknots/wallet/pkg/vcknots_wallet/controller.go:213.16,215.3 1 0
github.com/trustknots/vcknots/wallet/pkg/vcknots_wallet/controller.go:217.2,217.65 1 1
github.com/trustknots/vcknots/wallet/pkg/vcknots_wallet/controller.go:220.96,221.32 1 1
github.com/trustknots/vcknots/wallet/pkg/vcknots_wallet/controller.go:221.32,223.3 1 1
github.com/trustknots/vcknots/wallet/pkg/vcknots_wallet/controller.go:225.2,226.25 2 1
github.com/trustknots/vcknots/wallet/pkg/vcknots_wallet/controller.go:226.25,228.3 1 1
github.com/trustknots/vcknots/wallet/pkg/vcknots_wallet/controller.go:230.2,230.62 1 1
github.com/trustknots/vcknots/wallet/pkg/vcknots_wallet/controller.go:230.62,232.3 1 1
github.com/trustknots/vcknots/wallet/pkg/vcknots_wallet/controller.go:234.2,235.23 2 1
github.com/trustknots/vcknots/wallet/pkg/vcknots_wallet/controller.go:235.23,237.3 1 0
github.com/trustknots/vcknots/wallet/pkg/vcknots_wallet/controller.go:239.2,241.37 3 1
github.com/trustknots/vcknots/wallet/pkg/vcknots_wallet/controller.go:241.37,243.3 1 0
github.com/trustknots/vcknots/wallet/pkg/vcknots_wallet/controller.go:243.8,245.17 2 1
github.com/trustknots/vcknots/wallet/pkg/vcknots_wallet/controller.go:245.17,247.4 1 1
github.com/trustknots/vcknots/wallet/pkg/vcknots_wallet/controller.go:250.2,251.16 2 1
github.com/trustknots/vcknots/wallet/pkg/vcknots_wallet/controller.go:251.16,253.3 1 0
github.com/trustknots/vcknots/wallet/pkg/vcknots_wallet/controller.go:255.2,255.129 1 1
github.com/trustknots/vcknots/wallet/pkg/vcknots_wallet/controller.go:255.129,257.3 1 0
github.com/trustknots/vcknots/wallet/pkg/vcknots_wallet/controller.go:259.2,259.39 1 1
github.com/trustknots/vcknots/wallet/pkg/vcknots_wallet/controller.go:259.39,261.3 1 0
github.com/trustknots/vcknots/wallet/pkg/vcknots_wallet/controller.go:263.2,264.16 2 1
github.com/trustknots/vcknots/wallet/pkg/vcknots_wallet/controller.go:264.16,266.3 1 0
github.com/trustknots/vcknots/wallet/pkg/vcknots_wallet/controller.go:268.2,272.16 2 1
github.com/trustknots/vcknots/wallet/pkg/vcknots_wallet/controller.go:272.16,274.3 1 0
github.com/trustknots/vcknots/wallet/pkg/vcknots_wallet/controller.go:276.2,277.16 2 1
github.com/trustknots/vcknots/wallet/pkg/vcknots_wallet/controller.go:277.16,279.3 1 0
github.com/trustknots/vcknots/wallet/pkg/vcknots_wallet/controller.go:281.2,289.16 2 1
github.com/trustknots/vcknots/wallet/pkg/vcknots_wallet/controller.go:289.16,291.3 1 0
github.com/trustknots/vcknots/wallet/pkg/vcknots_wallet/controller.go:293.2,300.107 2 1
github.com/trustknots/vcknots/wallet/pkg/vcknots_wallet/controller.go:300.107,302.3 1 0
github.com/trustknots/vcknots/wallet/pkg/vcknots_wallet/controller.go:304.2,305.16 2 1
github.com/trustknots/vcknots/wallet/pkg/vcknots_wallet/controller.go:305.16,307.3 1 0
github.com/trustknots/vcknots/wallet/pkg/vcknots_wallet/controller.go:308.2,309.16 2 1
github.com/trustknots/vcknots/wallet/pkg/vcknots_wallet/controller.go:309.16,311.3 1 1
github.com/trustknots/vcknots/wallet/pkg/vcknots_wallet/controller.go:313.2,316.8 1 0
github.com/trustknots/vcknots/wallet/pkg/vcknots_wallet/controller.go:319.163,323.98 3 1
github.com/trustknots/vcknots/wallet/pkg/vcknots_wallet/controller.go:323.98,325.17 2 0
github.com/trustknots/vcknots/wallet/pkg/vcknots_wallet/controller.go:325.17,327.4 1 0
github.com/trustknots/vcknots/wallet/pkg/vcknots_wallet/controller.go:328.8,332.3 2 1
github.com/trustknots/vcknots/wallet/pkg/vcknots_wallet/controller.go:334.2,336.16 3 1
github.com/trustknots/vcknots/wallet/pkg/vcknots_wallet/controller.go:336.16,338.3 1 0
github.com/trustknots/vcknots/wallet/pkg/vcknots_wallet/controller.go:340.2,341.16 2 1
github.com/trustknots/vcknots/wallet/pkg/vcknots_wallet/controller.go:341.16,343.3 1 0
github.com/trustknots/vcknots/wallet/pkg/vcknots_wallet/controller.go:345.2,345.86 1 1
github.com/trustknots/vcknots/wallet/pkg/vcknots_wallet/controller.go:348.119,360.34 3 1
github.com/trustknots/vcknots/wallet/pkg/vcknots_wallet/controller.go:360.34,362.3 1 1
github.com/trustknots/vcknots/wallet/pkg/vcknots_wallet/controller.go:364.2,365.16 2 1
github.com/trustknots/vcknots/wallet/pkg/vcknots_wallet/controller.go:365.16,367.3 1 0
github.com/trustknots/vcknots/wallet/pkg/vcknots_wallet/controller.go:369.2,370.16 2 1
github.com/trustknots/vcknots/wallet/pkg/vcknots_wallet/controller.go:370.16,372.3 1 0
github.com/trustknots/vcknots/wallet/pkg/vcknots_wallet/controller.go:374.2,379.16 5 1
github.com/trustknots/vcknots/wallet/pkg/vcknots_wallet/controller.go:379.16,381.3 1 0
github.com/trustknots/vcknots/wallet/pkg/vcknots_wallet/controller.go:383.2,384.47 2 1
github.com/trustknots/vcknots/wallet/pkg/vcknots_wallet/controller.go:387.109,388.23 1 1
github.com/trustknots/vcknots/wallet/pkg/vcknots_wallet/controller.go:388.23,390.17 2 1
github.com/trustknots/vcknots/wallet/pkg/vcknots_wallet/controller.go:390.17,392.4 1 0
github.com/trustknots/vcknots/wallet/pkg/vcknots_wallet/controller.go:394.3,395.28 2 1
github.com/trustknots/vcknots/wallet/pkg/vcknots_wallet/controller.go:395.28,396.42 1 1
github.com/trustknots/vcknots/wallet/pkg/vcknots_wallet/controller.go:396.42,398.19 2 1
github.com/trustknots/vcknots/wallet/pkg/vcknots_wallet/controller.go:398.19,399.14 1 0
github.com/trustknots/vcknots/wallet/pkg/vcknots_wallet/controller.go:401.5,402.19 2 1
github.com/trustknots/vcknots/wallet/pkg/vcknots_wallet/controller.go:402.19,403.14 1 1
github.com/trustknots/vcknots/wallet/pkg/vcknots_wallet/controller.go:406.5,411.30 2 0
github.com/trustknots/vcknots/wallet/pkg/vcknots_wallet/controller.go:411.30,413.6 1 0
github.com/trustknots/vcknots/wallet/pkg/vcknots_wallet/controller.go:417.3,418.39 2 1
github.com/trustknots/vcknots/wallet/pkg/vcknots_wallet/controller.go:418.39,420.4 1 0
github.com/trustknots/vcknots/wallet/pkg/vcknots_wallet/controller.go:422.3,423.49 2 1
github.com/trustknots/vcknots/wallet/pkg/vcknots_wallet/controller.go:423.49,425.4 1 0
github.com/trustknots/vcknots/wallet/pkg/vcknots_wallet/controller.go:427.3,427.71 1 1
github.com/trustknots/vcknots/wallet/pkg/vcknots_wallet/controller.go:430.2,431.16 2 1
github.com/trustknots/vcknots/wallet/pkg/vcknots_wallet/controller.go:431.16,433.3 1 0
github.com/trustknots/vcknots/wallet/pkg/vcknots_wallet/controller.go:435.2,436.27 2 1
github.com/trustknots/vcknots/wallet/pkg/vcknots_wallet/controller.go:436.27,437.41 1 1
github.com/trustknots/vcknots/wallet/pkg/vcknots_wallet/controller.go:437.41,439.18 2 1
github.com/trustknots/vcknots/wallet/pkg/vcknots_wallet/controller.go:439.18,440.13 1 0
github.com/trustknots/vcknots/wallet/pkg/vcknots_wallet/controller.go:442.4,443.18 2 1
github.com/trustknots/vcknots/wallet/pkg/vcknots_wallet/controller.go:443.18,444.13 1 1
github.com/trustknots/vcknots/wallet/pkg/vcknots_wallet/controller.go:447.4,450.6 1 0
github.com/trustknots/vcknots/wallet/pkg/vcknots_wallet/controller.go:454.2,455.30 2 1
github.com/trustknots/vcknots/wallet/pkg/vcknots_wallet/controller.go:455.30,457.3 1 1
github.com/trustknots/vcknots/wallet/pkg/vcknots_wallet/controller.go:459.2,459.42 1 1
github.com/trustknots/vcknots/wallet/pkg/vcknots_wallet/controller.go:462.78,464.16 2 1
github.com/trustknots/vcknots/wallet/pkg/vcknots_wallet/controller.go:464.16,466.3 1 1
github.com/trustknots/vcknots/wallet/pkg/vcknots_wallet/controller.go:467.2,467.18 1 0
github.com/trustknots/vcknots/wallet/pkg/vcknots_wallet/controller.go:467.18,469.3 1 0
github.com/trustknots/vcknots/wallet/pkg/vcknots_wallet/controller.go:471.2,472.16 2 0
github.com/trustknots/vcknots/wallet/pkg/vcknots_wallet/controller.go:472.16,474.3 1 0
github.com/trustknots/vcknots/wallet/pkg/vcknots_wallet/controller.go:475.2,476.16 2 0
github.com/trustknots/vcknots/wallet/pkg/vcknots_wallet/controller.go:476.16,478.3 1 0
github.com/trustknots/vcknots/wallet/pkg/vcknots_wallet/controller.go:480.2,483.8 1 0
github.com/trustknots/vcknots/wallet/pkg/vcknots_wallet/controller.go:486.64,488.16 2 1
github.com/trustknots/vcknots/wallet/pkg/vcknots_wallet/controller.go:488.16,490.3 1 1
github.com/trustknots/vcknots/wallet/pkg/vcknots_wallet/controller.go:492.2,495.23 3 0
github.com/trustknots/vcknots/wallet/pkg/vcknots_wallet/controller.go:495.23,497.3 1 0
github.com/trustknots/vcknots/wallet/pkg/vcknots_wallet/controller.go:498.2,498.25 1 0
github.com/trustknots/vcknots/wallet/pkg/vcknots_wallet/controller.go:498.25,500.3 1 0
github.com/trustknots/vcknots/wallet/pkg/vcknots_wallet/controller.go:501.2,501.39 1 0
github.com/trustknots/vcknots/wallet/pkg/vcknots_wallet/controller.go:501.39,503.3 1 0
github.com/trustknots/vcknots/wallet/pkg/vcknots_wallet/controller.go:505.2,505.29 1 0
github.com/trustknots/vcknots/wallet/pkg/vcknots_wallet/controller.go:505.29,507.17 2 0
github.com/trustknots/vcknots/wallet/pkg/vcknots_wallet/controller.go:507.17,509.4 1 0
github.com/trustknots/vcknots/wallet/pkg/vcknots_wallet/controller.go:510.3,510.29 1 0
github.com/trustknots/vcknots/wallet/pkg/vcknots_wallet/controller.go:510.29,512.4 1 0
github.com/trustknots/vcknots/wallet/pkg/vcknots_wallet/controller.go:514.3,526.5 3 0
github.com/trustknots/vcknots/wallet/pkg/vcknots_wallet/controller.go:529.2,537.116 2 0
github.com/trustknots/vcknots/wallet/pkg/vcknots_wallet/controller.go:540.103,541.29 1 1
github.com/trustknots/vcknots/wallet/pkg/vcknots_wallet/controller.go:541.29,543.3 1 1
github.com/trustknots/vcknots/wallet/pkg/vcknots_wallet/controller.go:545.2,546.29 2 1
